
#Circuit Summary:
#---------------
#number of inputs = 5
#number of outputs = 2
#number of gates = 6
#number of wires = 11
Read vectors
#atpg: cputime for reading in circuit ../sample_circuits/c17.ckt: 0.0s 0.0s
#atpg: cputime for levelling circuit ../sample_circuits/c17.ckt: 0.0s 0.0s
#atpg: cputime for rearranging gate inputs ../sample_circuits/c17.ckt: 0.0s 0.0s
#atpg: cputime for creating dummy nodes ../sample_circuits/c17.ckt: 0.0s 0.0s
#atpg: cputime for generating fault list ../sample_circuits/c17.ckt: 0.0s 0.0s
vector[8] detects 7 faults (7)
vector[7] detects 5 faults (12)
vector[6] detects 5 faults (17)
vector[5] detects 5 faults (22)
vector[4] detects 3 faults (25)
vector[3] detects 2 faults (27)
vector[2] detects 3 faults (30)
vector[1] detects 1 faults (31)
vector[0] detects 1 faults (32)

# Result:
-----------------------
# total transition delay faults: 34
# total detected faults: 32
# fault coverage: 94.117647 %

#FAULT COVERAGE RESULTS :
#number of test vectors = 9
#total number of gate faults (uncollapsed) = 34
#total number of detected faults = 32
#total gate fault coverage = 94.12%
#number of equivalent gate faults (collapsed) = 34
#number of equivalent detected faults = 32
#equivalent gate fault coverage = 94.12%

#atpg: cputime for test pattern generation ../sample_circuits/c17.ckt: 0.0s 0.0s

#Circuit Summary:
#---------------
#number of inputs = 36
#number of outputs = 7
#number of gates = 245
#number of wires = 281
Read vectors
#atpg: cputime for reading in circuit ../sample_circuits/c432.ckt: 0.0s 0.0s
#atpg: cputime for levelling circuit ../sample_circuits/c432.ckt: 0.0s 0.0s
#atpg: cputime for rearranging gate inputs ../sample_circuits/c432.ckt: 0.0s 0.0s
#atpg: cputime for creating dummy nodes ../sample_circuits/c432.ckt: 0.0s 0.0s
#atpg: cputime for generating fault list ../sample_circuits/c432.ckt: 0.0s 0.0s
vector[23] detects 3 faults (3)
vector[22] detects 48 faults (51)
vector[21] detects 7 faults (58)
vector[20] detects 2 faults (60)
vector[19] detects 3 faults (63)
vector[18] detects 5 faults (68)
vector[17] detects 3 faults (71)
vector[16] detects 2 faults (73)
vector[15] detects 8 faults (81)
vector[14] detects 2 faults (83)
vector[13] detects 5 faults (88)
vector[12] detects 2 faults (90)
vector[11] detects 3 faults (93)
vector[10] detects 4 faults (97)
vector[9] detects 3 faults (100)
vector[8] detects 4 faults (104)
vector[7] detects 3 faults (107)
vector[6] detects 4 faults (111)
vector[5] detects 5 faults (116)
vector[4] detects 2 faults (118)
vector[3] detects 3 faults (121)
vector[2] detects 4 faults (125)
vector[1] detects 2 faults (127)
vector[0] detects 2 faults (129)

# Result:
-----------------------
# total transition delay faults: 1110
# total detected faults: 129
# fault coverage: 11.621622 %

#FAULT COVERAGE RESULTS :
#number of test vectors = 24
#total number of gate faults (uncollapsed) = 1110
#total number of detected faults = 129
#total gate fault coverage = 11.62%
#number of equivalent gate faults (collapsed) = 1034
#number of equivalent detected faults = 129
#equivalent gate fault coverage = 12.48%

#atpg: cputime for test pattern generation ../sample_circuits/c432.ckt: 0.0s 0.0s

#Circuit Summary:
#---------------
#number of inputs = 41
#number of outputs = 32
#number of gates = 554
#number of wires = 595
Read vectors
#atpg: cputime for reading in circuit ../sample_circuits/c499.ckt: 0.0s 0.0s
#atpg: cputime for levelling circuit ../sample_circuits/c499.ckt: 0.0s 0.0s
#atpg: cputime for rearranging gate inputs ../sample_circuits/c499.ckt: 0.0s 0.0s
#atpg: cputime for creating dummy nodes ../sample_circuits/c499.ckt: 0.0s 0.0s
#atpg: cputime for generating fault list ../sample_circuits/c499.ckt: 0.0s 0.0s
vector[127] detects 32 faults (32)
vector[126] detects 308 faults (340)
vector[125] detects 150 faults (490)
vector[124] detects 69 faults (559)
vector[123] detects 82 faults (641)
vector[122] detects 44 faults (685)
vector[121] detects 59 faults (744)
vector[120] detects 41 faults (785)
vector[119] detects 19 faults (804)
vector[118] detects 23 faults (827)
vector[117] detects 25 faults (852)
vector[116] detects 11 faults (863)
vector[115] detects 45 faults (908)
vector[114] detects 3 faults (911)
vector[113] detects 3 faults (914)
vector[112] detects 60 faults (974)
vector[111] detects 37 faults (1011)
vector[110] detects 38 faults (1049)
vector[109] detects 99 faults (1148)
vector[108] detects 48 faults (1196)
vector[107] detects 53 faults (1249)
vector[106] detects 30 faults (1279)
vector[105] detects 40 faults (1319)
vector[104] detects 7 faults (1326)
vector[103] detects 8 faults (1334)
vector[102] detects 23 faults (1357)
vector[101] detects 56 faults (1413)
vector[100] detects 11 faults (1424)
vector[99] detects 72 faults (1496)
vector[98] detects 7 faults (1503)
vector[97] detects 4 faults (1507)
vector[96] detects 39 faults (1546)
vector[95] detects 16 faults (1562)
vector[94] detects 26 faults (1588)
vector[93] detects 3 faults (1591)
vector[92] detects 33 faults (1624)
vector[91] detects 14 faults (1638)
vector[90] detects 18 faults (1656)
vector[89] detects 19 faults (1675)
vector[88] detects 8 faults (1683)
vector[87] detects 5 faults (1688)
vector[86] detects 17 faults (1705)
vector[85] detects 11 faults (1716)
vector[84] detects 8 faults (1724)
vector[83] detects 2 faults (1726)
vector[82] detects 24 faults (1750)
vector[81] detects 25 faults (1775)
vector[80] detects 66 faults (1841)
vector[79] detects 2 faults (1843)
vector[78] detects 16 faults (1859)
vector[77] detects 5 faults (1864)
vector[76] detects 12 faults (1876)
vector[75] detects 4 faults (1880)
vector[74] detects 2 faults (1882)
vector[73] detects 4 faults (1886)
vector[72] detects 12 faults (1898)
vector[71] detects 14 faults (1912)
vector[70] detects 11 faults (1923)
vector[69] detects 26 faults (1949)
vector[68] detects 16 faults (1965)
vector[67] detects 5 faults (1970)
vector[66] detects 13 faults (1983)
vector[65] detects 5 faults (1988)
vector[64] detects 10 faults (1998)
vector[63] detects 3 faults (2001)
vector[62] detects 4 faults (2005)
vector[61] detects 5 faults (2010)
vector[60] detects 14 faults (2024)
vector[59] detects 2 faults (2026)
vector[58] detects 16 faults (2042)
vector[57] detects 2 faults (2044)
vector[56] detects 2 faults (2046)
vector[55] detects 6 faults (2052)
vector[54] detects 2 faults (2054)
vector[53] detects 6 faults (2060)
vector[52] detects 7 faults (2067)
vector[51] detects 2 faults (2069)
vector[50] detects 2 faults (2071)
vector[49] detects 6 faults (2077)
vector[48] detects 5 faults (2082)
vector[47] detects 3 faults (2085)
vector[46] detects 5 faults (2090)
vector[45] detects 8 faults (2098)
vector[44] detects 3 faults (2101)
vector[43] detects 3 faults (2104)
vector[42] detects 3 faults (2107)
vector[41] detects 4 faults (2111)
vector[40] detects 8 faults (2119)
vector[39] detects 3 faults (2122)
vector[38] detects 2 faults (2124)
vector[37] detects 5 faults (2129)
vector[36] detects 4 faults (2133)
vector[35] detects 2 faults (2135)
vector[34] detects 4 faults (2139)
vector[33] detects 2 faults (2141)
vector[32] detects 3 faults (2144)
vector[31] detects 2 faults (2146)
vector[30] detects 3 faults (2149)
vector[29] detects 6 faults (2155)
vector[28] detects 2 faults (2157)
vector[27] detects 2 faults (2159)
vector[26] detects 5 faults (2164)
vector[25] detects 3 faults (2167)
vector[24] detects 4 faults (2171)
vector[23] detects 6 faults (2177)
vector[22] detects 6 faults (2183)
vector[21] detects 6 faults (2189)
vector[20] detects 6 faults (2195)
vector[19] detects 6 faults (2201)
vector[18] detects 6 faults (2207)
vector[17] detects 6 faults (2213)
vector[16] detects 10 faults (2223)
vector[15] detects 6 faults (2229)
vector[14] detects 2 faults (2231)
vector[13] detects 2 faults (2233)
vector[12] detects 2 faults (2235)
vector[11] detects 6 faults (2241)
vector[10] detects 2 faults (2243)
vector[9] detects 2 faults (2245)
vector[8] detects 7 faults (2252)
vector[7] detects 2 faults (2254)
vector[6] detects 1 faults (2255)
vector[5] detects 10 faults (2265)
vector[4] detects 1 faults (2266)
vector[3] detects 1 faults (2267)
vector[2] detects 1 faults (2268)
vector[1] detects 1 faults (2269)
vector[0] detects 7 faults (2276)

# Result:
-----------------------
# total transition delay faults: 2390
# total detected faults: 2276
# fault coverage: 95.230126 %

#FAULT COVERAGE RESULTS :
#number of test vectors = 128
#total number of gate faults (uncollapsed) = 2390
#total number of detected faults = 2276
#total gate fault coverage = 95.23%
#number of equivalent gate faults (collapsed) = 2118
#number of equivalent detected faults = 2005
#equivalent gate fault coverage = 94.66%

#atpg: cputime for test pattern generation ../sample_circuits/c499.ckt: 0.0s 0.0s

#Circuit Summary:
#---------------
#number of inputs = 60
#number of outputs = 26
#number of gates = 545
#number of wires = 605
Read vectors
#atpg: cputime for reading in circuit ../sample_circuits/c880.ckt: 0.0s 0.0s
#atpg: cputime for levelling circuit ../sample_circuits/c880.ckt: 0.0s 0.0s
#atpg: cputime for rearranging gate inputs ../sample_circuits/c880.ckt: 0.0s 0.0s
#atpg: cputime for creating dummy nodes ../sample_circuits/c880.ckt: 0.0s 0.0s
#atpg: cputime for generating fault list ../sample_circuits/c880.ckt: 0.0s 0.0s
vector[92] detects 95 faults (95)
vector[91] detects 74 faults (169)
vector[90] detects 59 faults (228)
vector[89] detects 85 faults (313)
vector[88] detects 29 faults (342)
vector[87] detects 43 faults (385)
vector[86] detects 40 faults (425)
vector[85] detects 12 faults (437)
vector[84] detects 22 faults (459)
vector[83] detects 22 faults (481)
vector[82] detects 34 faults (515)
vector[81] detects 14 faults (529)
vector[80] detects 14 faults (543)
vector[79] detects 31 faults (574)
vector[78] detects 18 faults (592)
vector[77] detects 2 faults (594)
vector[76] detects 37 faults (631)
vector[75] detects 18 faults (649)
vector[74] detects 7 faults (656)
vector[73] detects 17 faults (673)
vector[72] detects 5 faults (678)
vector[71] detects 2 faults (680)
vector[70] detects 11 faults (691)
vector[69] detects 25 faults (716)
vector[68] detects 16 faults (732)
vector[67] detects 18 faults (750)
vector[66] detects 7 faults (757)
vector[65] detects 8 faults (765)
vector[64] detects 3 faults (768)
vector[63] detects 3 faults (771)
vector[62] detects 2 faults (773)
vector[61] detects 7 faults (780)
vector[60] detects 3 faults (783)
vector[59] detects 8 faults (791)
vector[58] detects 6 faults (797)
vector[57] detects 9 faults (806)
vector[56] detects 6 faults (812)
vector[55] detects 2 faults (814)
vector[54] detects 7 faults (821)
vector[53] detects 4 faults (825)
vector[52] detects 4 faults (829)
vector[51] detects 2 faults (831)
vector[50] detects 4 faults (835)
vector[49] detects 2 faults (837)
vector[48] detects 2 faults (839)
vector[47] detects 6 faults (845)
vector[46] detects 24 faults (869)
vector[45] detects 3 faults (872)
vector[44] detects 2 faults (874)
vector[43] detects 8 faults (882)
vector[42] detects 4 faults (886)
vector[41] detects 2 faults (888)
vector[40] detects 14 faults (902)
vector[39] detects 4 faults (906)
vector[38] detects 10 faults (916)
vector[37] detects 5 faults (921)
vector[36] detects 2 faults (923)
vector[35] detects 13 faults (936)
vector[34] detects 3 faults (939)
vector[33] detects 11 faults (950)
vector[32] detects 2 faults (952)
vector[31] detects 3 faults (955)
vector[30] detects 2 faults (957)
vector[29] detects 9 faults (966)
vector[28] detects 2 faults (968)
vector[27] detects 2 faults (970)
vector[26] detects 3 faults (973)
vector[25] detects 2 faults (975)
vector[24] detects 2 faults (977)
vector[23] detects 4 faults (981)
vector[22] detects 2 faults (983)
vector[21] detects 2 faults (985)
vector[20] detects 2 faults (987)
vector[19] detects 2 faults (989)
vector[18] detects 3 faults (992)
vector[17] detects 4 faults (996)
vector[16] detects 2 faults (998)
vector[15] detects 3 faults (1001)
vector[14] detects 11 faults (1012)
vector[13] detects 11 faults (1023)
vector[12] detects 4 faults (1027)
vector[11] detects 4 faults (1031)
vector[10] detects 5 faults (1036)
vector[9] detects 5 faults (1041)
vector[8] detects 5 faults (1046)
vector[7] detects 2 faults (1048)
vector[6] detects 2 faults (1050)
vector[5] detects 2 faults (1052)
vector[4] detects 2 faults (1054)
vector[3] detects 2 faults (1056)
vector[2] detects 1 faults (1057)
vector[1] detects 1 faults (1058)
vector[0] detects 1 faults (1059)

# Result:
-----------------------
# total transition delay faults: 2104
# total detected faults: 1059
# fault coverage: 50.332700 %

#FAULT COVERAGE RESULTS :
#number of test vectors = 93
#total number of gate faults (uncollapsed) = 2104
#total number of detected faults = 1059
#total gate fault coverage = 50.33%
#number of equivalent gate faults (collapsed) = 2002
#number of equivalent detected faults = 1053
#equivalent gate fault coverage = 52.60%

#atpg: cputime for test pattern generation ../sample_circuits/c880.ckt: 0.0s 0.0s

#Circuit Summary:
#---------------
#number of inputs = 41
#number of outputs = 32
#number of gates = 554
#number of wires = 595
Read vectors
#atpg: cputime for reading in circuit ../sample_circuits/c1355.ckt: 0.0s 0.0s
#atpg: cputime for levelling circuit ../sample_circuits/c1355.ckt: 0.0s 0.0s
#atpg: cputime for rearranging gate inputs ../sample_circuits/c1355.ckt: 0.0s 0.0s
#atpg: cputime for creating dummy nodes ../sample_circuits/c1355.ckt: 0.0s 0.0s
#atpg: cputime for generating fault list ../sample_circuits/c1355.ckt: 0.0s 0.0s
vector[64] detects 237 faults (237)
vector[63] detects 210 faults (447)
vector[62] detects 26 faults (473)
vector[61] detects 21 faults (494)
vector[60] detects 14 faults (508)
vector[59] detects 11 faults (519)
vector[58] detects 77 faults (596)
vector[57] detects 53 faults (649)
vector[56] detects 7 faults (656)
vector[55] detects 4 faults (660)
vector[54] detects 48 faults (708)
vector[53] detects 2 faults (710)
vector[52] detects 7 faults (717)
vector[51] detects 20 faults (737)
vector[50] detects 11 faults (748)
vector[49] detects 7 faults (755)
vector[48] detects 7 faults (762)
vector[47] detects 53 faults (815)
vector[46] detects 19 faults (834)
vector[45] detects 3 faults (837)
vector[44] detects 4 faults (841)
vector[43] detects 7 faults (848)
vector[42] detects 2 faults (850)
vector[41] detects 3 faults (853)
vector[40] detects 7 faults (860)
vector[39] detects 2 faults (862)
vector[38] detects 3 faults (865)
vector[37] detects 44 faults (909)
vector[36] detects 2 faults (911)
vector[35] detects 3 faults (914)
vector[34] detects 7 faults (921)
vector[33] detects 2 faults (923)
vector[32] detects 7 faults (930)
vector[31] detects 3 faults (933)
vector[30] detects 2 faults (935)
vector[29] detects 3 faults (938)
vector[28] detects 2 faults (940)
vector[27] detects 3 faults (943)
vector[26] detects 2 faults (945)
vector[25] detects 2 faults (947)
vector[24] detects 8 faults (955)
vector[23] detects 2 faults (957)
vector[22] detects 8 faults (965)
vector[21] detects 2 faults (967)
vector[20] detects 2 faults (969)
vector[19] detects 3 faults (972)
vector[18] detects 8 faults (980)
vector[17] detects 8 faults (988)
vector[16] detects 8 faults (996)
vector[15] detects 2 faults (998)
vector[14] detects 2 faults (1000)
vector[13] detects 25 faults (1025)
vector[12] detects 10 faults (1035)
vector[11] detects 1 faults (1036)
vector[10] detects 1 faults (1037)
vector[9] detects 1 faults (1038)
vector[8] detects 1 faults (1039)
vector[7] detects 1 faults (1040)
vector[6] detects 1 faults (1041)
vector[5] detects 1 faults (1042)
vector[4] detects 1 faults (1043)
vector[3] detects 1 faults (1044)
vector[2] detects 1 faults (1045)
vector[1] detects 1 faults (1046)
vector[0] detects 1 faults (1047)

# Result:
-----------------------
# total transition delay faults: 2726
# total detected faults: 1047
# fault coverage: 38.407924 %

#FAULT COVERAGE RESULTS :
#number of test vectors = 65
#total number of gate faults (uncollapsed) = 2726
#total number of detected faults = 1047
#total gate fault coverage = 38.41%
#number of equivalent gate faults (collapsed) = 2726
#number of equivalent detected faults = 1047
#equivalent gate fault coverage = 38.41%

#atpg: cputime for test pattern generation ../sample_circuits/c1355.ckt: 0.0s 0.0s

#Circuit Summary:
#---------------
#number of inputs = 233
#number of outputs = 140
#number of gates = 1785
#number of wires = 2018
Read vectors
#atpg: cputime for reading in circuit ../sample_circuits/c2670.ckt: 0.0s 0.0s
#atpg: cputime for levelling circuit ../sample_circuits/c2670.ckt: 0.0s 0.0s
#atpg: cputime for rearranging gate inputs ../sample_circuits/c2670.ckt: 0.0s 0.0s
#atpg: cputime for creating dummy nodes ../sample_circuits/c2670.ckt: 0.0s 0.0s
#atpg: cputime for generating fault list ../sample_circuits/c2670.ckt: 0.0s 0.0s
vector[284] detects 402 faults (402)
vector[283] detects 496 faults (898)
vector[282] detects 236 faults (1134)
vector[281] detects 242 faults (1376)
vector[280] detects 302 faults (1678)
vector[279] detects 61 faults (1739)
vector[278] detects 211 faults (1950)
vector[277] detects 194 faults (2144)
vector[276] detects 247 faults (2391)
vector[275] detects 164 faults (2555)
vector[274] detects 115 faults (2670)
vector[273] detects 93 faults (2763)
vector[272] detects 86 faults (2849)
vector[271] detects 217 faults (3066)
vector[270] detects 69 faults (3135)
vector[269] detects 56 faults (3191)
vector[268] detects 32 faults (3223)
vector[267] detects 44 faults (3267)
vector[266] detects 87 faults (3354)
vector[265] detects 54 faults (3408)
vector[264] detects 28 faults (3436)
vector[263] detects 33 faults (3469)
vector[262] detects 101 faults (3570)
vector[261] detects 30 faults (3600)
vector[260] detects 24 faults (3624)
vector[259] detects 50 faults (3674)
vector[258] detects 39 faults (3713)
vector[257] detects 50 faults (3763)
vector[256] detects 53 faults (3816)
vector[255] detects 19 faults (3835)
vector[254] detects 49 faults (3884)
vector[253] detects 19 faults (3903)
vector[252] detects 36 faults (3939)
vector[251] detects 15 faults (3954)
vector[250] detects 45 faults (3999)
vector[249] detects 29 faults (4028)
vector[248] detects 32 faults (4060)
vector[247] detects 43 faults (4103)
vector[246] detects 15 faults (4118)
vector[245] detects 31 faults (4149)
vector[244] detects 57 faults (4206)
vector[243] detects 10 faults (4216)
vector[242] detects 4 faults (4220)
vector[241] detects 26 faults (4246)
vector[240] detects 68 faults (4314)
vector[239] detects 42 faults (4356)
vector[238] detects 46 faults (4402)
vector[237] detects 11 faults (4413)
vector[236] detects 23 faults (4436)
vector[235] detects 25 faults (4461)
vector[234] detects 22 faults (4483)
vector[233] detects 103 faults (4586)
vector[232] detects 29 faults (4615)
vector[231] detects 64 faults (4679)
vector[230] detects 11 faults (4690)
vector[229] detects 31 faults (4721)
vector[228] detects 14 faults (4735)
vector[227] detects 61 faults (4796)
vector[226] detects 51 faults (4847)
vector[225] detects 5 faults (4852)
vector[224] detects 13 faults (4865)
vector[223] detects 15 faults (4880)
vector[222] detects 30 faults (4910)
vector[221] detects 8 faults (4918)
vector[220] detects 9 faults (4927)
vector[219] detects 8 faults (4935)
vector[218] detects 2 faults (4937)
vector[217] detects 25 faults (4962)
vector[216] detects 24 faults (4986)
vector[215] detects 2 faults (4988)
vector[214] detects 5 faults (4993)
vector[213] detects 5 faults (4998)
vector[212] detects 6 faults (5004)
vector[211] detects 31 faults (5035)
vector[210] detects 7 faults (5042)
vector[209] detects 9 faults (5051)
vector[208] detects 10 faults (5061)
vector[207] detects 5 faults (5066)
vector[206] detects 36 faults (5102)
vector[205] detects 3 faults (5105)
vector[204] detects 20 faults (5125)
vector[203] detects 2 faults (5127)
vector[202] detects 7 faults (5134)
vector[201] detects 35 faults (5169)
vector[200] detects 14 faults (5183)
vector[199] detects 3 faults (5186)
vector[198] detects 9 faults (5195)
vector[197] detects 6 faults (5201)
vector[196] detects 2 faults (5203)
vector[195] detects 2 faults (5205)
vector[194] detects 9 faults (5214)
vector[193] detects 36 faults (5250)
vector[192] detects 4 faults (5254)
vector[191] detects 8 faults (5262)
vector[190] detects 4 faults (5266)
vector[189] detects 14 faults (5280)
vector[188] detects 2 faults (5282)
vector[187] detects 8 faults (5290)
vector[186] detects 10 faults (5300)
vector[185] detects 4 faults (5304)
vector[184] detects 3 faults (5307)
vector[183] detects 13 faults (5320)
vector[182] detects 5 faults (5325)
vector[181] detects 6 faults (5331)
vector[180] detects 14 faults (5345)
vector[179] detects 3 faults (5348)
vector[178] detects 4 faults (5352)
vector[177] detects 4 faults (5356)
vector[176] detects 4 faults (5360)
vector[175] detects 8 faults (5368)
vector[174] detects 2 faults (5370)
vector[173] detects 8 faults (5378)
vector[172] detects 2 faults (5380)
vector[171] detects 4 faults (5384)
vector[170] detects 2 faults (5386)
vector[169] detects 2 faults (5388)
vector[168] detects 4 faults (5392)
vector[167] detects 4 faults (5396)
vector[166] detects 2 faults (5398)
vector[165] detects 2 faults (5400)
vector[164] detects 4 faults (5404)
vector[163] detects 12 faults (5416)
vector[162] detects 4 faults (5420)
vector[161] detects 2 faults (5422)
vector[160] detects 3 faults (5425)
vector[159] detects 2 faults (5427)
vector[158] detects 3 faults (5430)
vector[157] detects 12 faults (5442)
vector[156] detects 8 faults (5450)
vector[155] detects 6 faults (5456)
vector[154] detects 7 faults (5463)
vector[153] detects 3 faults (5466)
vector[152] detects 6 faults (5472)
vector[151] detects 4 faults (5476)
vector[150] detects 6 faults (5482)
vector[149] detects 10 faults (5492)
vector[148] detects 6 faults (5498)
vector[147] detects 20 faults (5518)
vector[146] detects 7 faults (5525)
vector[145] detects 7 faults (5532)
vector[144] detects 4 faults (5536)
vector[143] detects 5 faults (5541)
vector[142] detects 8 faults (5549)
vector[141] detects 2 faults (5551)
vector[140] detects 11 faults (5562)
vector[139] detects 4 faults (5566)
vector[138] detects 5 faults (5571)
vector[137] detects 4 faults (5575)
vector[136] detects 13 faults (5588)
vector[135] detects 3 faults (5591)
vector[134] detects 2 faults (5593)
vector[133] detects 9 faults (5602)
vector[132] detects 5 faults (5607)
vector[131] detects 4 faults (5611)
vector[130] detects 2 faults (5613)
vector[129] detects 4 faults (5617)
vector[128] detects 9 faults (5626)
vector[127] detects 2 faults (5628)
vector[126] detects 4 faults (5632)
vector[125] detects 10 faults (5642)
vector[124] detects 10 faults (5652)
vector[123] detects 4 faults (5656)
vector[122] detects 2 faults (5658)
vector[121] detects 6 faults (5664)
vector[120] detects 8 faults (5672)
vector[119] detects 2 faults (5674)
vector[118] detects 3 faults (5677)
vector[117] detects 13 faults (5690)
vector[116] detects 2 faults (5692)
vector[115] detects 2 faults (5694)
vector[114] detects 10 faults (5704)
vector[113] detects 10 faults (5714)
vector[112] detects 4 faults (5718)
vector[111] detects 6 faults (5724)
vector[110] detects 6 faults (5730)
vector[109] detects 2 faults (5732)
vector[108] detects 2 faults (5734)
vector[107] detects 6 faults (5740)
vector[106] detects 10 faults (5750)
vector[105] detects 2 faults (5752)
vector[104] detects 2 faults (5754)
vector[103] detects 3 faults (5757)
vector[102] detects 8 faults (5765)
vector[101] detects 16 faults (5781)
vector[100] detects 3 faults (5784)
vector[99] detects 4 faults (5788)
vector[98] detects 2 faults (5790)
vector[97] detects 2 faults (5792)
vector[96] detects 18 faults (5810)
vector[95] detects 2 faults (5812)
vector[94] detects 8 faults (5820)
vector[93] detects 2 faults (5822)
vector[92] detects 3 faults (5825)
vector[91] detects 4 faults (5829)
vector[90] detects 2 faults (5831)
vector[89] detects 2 faults (5833)
vector[88] detects 5 faults (5838)
vector[87] detects 5 faults (5843)
vector[86] detects 9 faults (5852)
vector[85] detects 2 faults (5854)
vector[84] detects 3 faults (5857)
vector[83] detects 2 faults (5859)
vector[82] detects 7 faults (5866)
vector[81] detects 7 faults (5873)
vector[80] detects 4 faults (5877)
vector[79] detects 7 faults (5884)
vector[78] detects 2 faults (5886)
vector[77] detects 4 faults (5890)
vector[76] detects 4 faults (5894)
vector[75] detects 5 faults (5899)
vector[74] detects 10 faults (5909)
vector[73] detects 4 faults (5913)
vector[72] detects 4 faults (5917)
vector[71] detects 4 faults (5921)
vector[70] detects 6 faults (5927)
vector[69] detects 4 faults (5931)
vector[68] detects 4 faults (5935)
vector[67] detects 4 faults (5939)
vector[66] detects 4 faults (5943)
vector[65] detects 4 faults (5947)
vector[64] detects 4 faults (5951)
vector[63] detects 4 faults (5955)
vector[62] detects 3 faults (5958)
vector[61] detects 3 faults (5961)
vector[60] detects 3 faults (5964)
vector[59] detects 2 faults (5966)
vector[58] detects 3 faults (5969)
vector[57] detects 3 faults (5972)
vector[56] detects 3 faults (5975)
vector[55] detects 3 faults (5978)
vector[54] detects 3 faults (5981)
vector[53] detects 3 faults (5984)
vector[52] detects 3 faults (5987)
vector[51] detects 2 faults (5989)
vector[50] detects 2 faults (5991)
vector[49] detects 3 faults (5994)
vector[48] detects 2 faults (5996)
vector[47] detects 2 faults (5998)
vector[46] detects 2 faults (6000)
vector[45] detects 4 faults (6004)
vector[44] detects 2 faults (6006)
vector[43] detects 4 faults (6010)
vector[42] detects 2 faults (6012)
vector[41] detects 3 faults (6015)
vector[40] detects 2 faults (6017)
vector[39] detects 3 faults (6020)
vector[38] detects 4 faults (6024)
vector[37] detects 2 faults (6026)
vector[36] detects 3 faults (6029)
vector[35] detects 4 faults (6033)
vector[34] detects 2 faults (6035)
vector[33] detects 4 faults (6039)
vector[32] detects 2 faults (6041)
vector[31] detects 3 faults (6044)
vector[30] detects 2 faults (6046)
vector[29] detects 4 faults (6050)
vector[28] detects 2 faults (6052)
vector[27] detects 2 faults (6054)
vector[26] detects 2 faults (6056)
vector[25] detects 2 faults (6058)
vector[24] detects 2 faults (6060)
vector[23] detects 2 faults (6062)
vector[22] detects 8 faults (6070)
vector[21] detects 4 faults (6074)
vector[20] detects 2 faults (6076)
vector[19] detects 2 faults (6078)
vector[18] detects 2 faults (6080)
vector[17] detects 2 faults (6082)
vector[16] detects 8 faults (6090)
vector[15] detects 4 faults (6094)
vector[14] detects 8 faults (6102)
vector[13] detects 4 faults (6106)
vector[12] detects 3 faults (6109)
vector[11] detects 1 faults (6110)
vector[10] detects 1 faults (6111)
vector[9] detects 1 faults (6112)
vector[8] detects 1 faults (6113)
vector[7] detects 1 faults (6114)
vector[6] detects 1 faults (6115)
vector[5] detects 3 faults (6118)
vector[4] detects 3 faults (6121)
vector[3] detects 3 faults (6124)
vector[2] detects 3 faults (6127)
vector[1] detects 1 faults (6128)
vector[0] detects 3 faults (6131)

# Result:
-----------------------
# total transition delay faults: 6520
# total detected faults: 6131
# fault coverage: 94.033742 %

#FAULT COVERAGE RESULTS :
#number of test vectors = 285
#total number of gate faults (uncollapsed) = 6520
#total number of detected faults = 6131
#total gate fault coverage = 94.03%
#number of equivalent gate faults (collapsed) = 5636
#number of equivalent detected faults = 5337
#equivalent gate fault coverage = 94.69%

#atpg: cputime for test pattern generation ../sample_circuits/c2670.ckt: 0.1s 0.1s

#Circuit Summary:
#---------------
#number of inputs = 50
#number of outputs = 22
#number of gates = 2082
#number of wires = 2132
Read vectors
#atpg: cputime for reading in circuit ../sample_circuits/c3540.ckt: 0.0s 0.0s
#atpg: cputime for levelling circuit ../sample_circuits/c3540.ckt: 0.0s 0.0s
#atpg: cputime for rearranging gate inputs ../sample_circuits/c3540.ckt: 0.0s 0.0s
#atpg: cputime for creating dummy nodes ../sample_circuits/c3540.ckt: 0.0s 0.0s
#atpg: cputime for generating fault list ../sample_circuits/c3540.ckt: 0.0s 0.0s
vector[138] detects 18 faults (18)
vector[137] detects 39 faults (57)
vector[136] detects 11 faults (68)
vector[135] detects 50 faults (118)
vector[134] detects 123 faults (241)
vector[133] detects 117 faults (358)
vector[132] detects 101 faults (459)
vector[131] detects 26 faults (485)
vector[130] detects 68 faults (553)
vector[129] detects 13 faults (566)
vector[128] detects 41 faults (607)
vector[127] detects 7 faults (614)
vector[126] detects 24 faults (638)
vector[125] detects 20 faults (658)
vector[124] detects 7 faults (665)
vector[123] detects 4 faults (669)
vector[122] detects 14 faults (683)
vector[121] detects 32 faults (715)
vector[120] detects 6 faults (721)
vector[119] detects 3 faults (724)
vector[118] detects 4 faults (728)
vector[117] detects 4 faults (732)
vector[116] detects 35 faults (767)
vector[115] detects 112 faults (879)
vector[114] detects 2 faults (881)
vector[113] detects 5 faults (886)
vector[112] detects 10 faults (896)
vector[111] detects 12 faults (908)
vector[110] detects 7 faults (915)
vector[109] detects 3 faults (918)
vector[108] detects 8 faults (926)
vector[107] detects 42 faults (968)
vector[106] detects 11 faults (979)
vector[105] detects 172 faults (1151)
vector[104] detects 4 faults (1155)
vector[103] detects 6 faults (1161)
vector[102] detects 2 faults (1163)
vector[101] detects 26 faults (1189)
vector[100] detects 6 faults (1195)
vector[99] detects 5 faults (1200)
vector[98] detects 8 faults (1208)
vector[97] detects 4 faults (1212)
vector[96] detects 7 faults (1219)
vector[95] detects 10 faults (1229)
vector[94] detects 8 faults (1237)
vector[93] detects 3 faults (1240)
vector[92] detects 15 faults (1255)
vector[91] detects 3 faults (1258)
vector[90] detects 3 faults (1261)
vector[89] detects 32 faults (1293)
vector[88] detects 7 faults (1300)
vector[87] detects 19 faults (1319)
vector[86] detects 21 faults (1340)
vector[85] detects 5 faults (1345)
vector[84] detects 2 faults (1347)
vector[83] detects 77 faults (1424)
vector[82] detects 5 faults (1429)
vector[81] detects 9 faults (1438)
vector[80] detects 6 faults (1444)
vector[79] detects 7 faults (1451)
vector[78] detects 4 faults (1455)
vector[77] detects 4 faults (1459)
vector[76] detects 7 faults (1466)
vector[75] detects 14 faults (1480)
vector[74] detects 5 faults (1485)
vector[73] detects 3 faults (1488)
vector[72] detects 6 faults (1494)
vector[71] detects 8 faults (1502)
vector[70] detects 6 faults (1508)
vector[69] detects 2 faults (1510)
vector[68] detects 6 faults (1516)
vector[67] detects 3 faults (1519)
vector[66] detects 2 faults (1521)
vector[65] detects 7 faults (1528)
vector[64] detects 6 faults (1534)
vector[63] detects 14 faults (1548)
vector[62] detects 12 faults (1560)
vector[61] detects 7 faults (1567)
vector[60] detects 2 faults (1569)
vector[59] detects 2 faults (1571)
vector[58] detects 3 faults (1574)
vector[57] detects 3 faults (1577)
vector[56] detects 4 faults (1581)
vector[55] detects 2 faults (1583)
vector[54] detects 6 faults (1589)
vector[53] detects 2 faults (1591)
vector[52] detects 3 faults (1594)
vector[51] detects 5 faults (1599)
vector[50] detects 44 faults (1643)
vector[49] detects 10 faults (1653)
vector[48] detects 4 faults (1657)
vector[47] detects 2 faults (1659)
vector[46] detects 4 faults (1663)
vector[45] detects 4 faults (1667)
vector[44] detects 2 faults (1669)
vector[43] detects 9 faults (1678)
vector[42] detects 3 faults (1681)
vector[41] detects 4 faults (1685)
vector[40] detects 4 faults (1689)
vector[39] detects 4 faults (1693)
vector[38] detects 3 faults (1696)
vector[37] detects 2 faults (1698)
vector[36] detects 3 faults (1701)
vector[35] detects 3 faults (1704)
vector[34] detects 3 faults (1707)
vector[33] detects 2 faults (1709)
vector[32] detects 2 faults (1711)
vector[31] detects 4 faults (1715)
vector[30] detects 7 faults (1722)
vector[29] detects 11 faults (1733)
vector[28] detects 2 faults (1735)
vector[27] detects 5 faults (1740)
vector[26] detects 4 faults (1744)
vector[25] detects 2 faults (1746)
vector[24] detects 2 faults (1748)
vector[23] detects 4 faults (1752)
vector[22] detects 3 faults (1755)
vector[21] detects 2 faults (1757)
vector[20] detects 2 faults (1759)
vector[19] detects 16 faults (1775)
vector[18] detects 2 faults (1777)
vector[17] detects 5 faults (1782)
vector[16] detects 7 faults (1789)
vector[15] detects 3 faults (1792)
vector[14] detects 9 faults (1801)
vector[13] detects 17 faults (1818)
vector[12] detects 2 faults (1820)
vector[11] detects 2 faults (1822)
vector[10] detects 2 faults (1824)
vector[9] detects 1 faults (1825)
vector[8] detects 1 faults (1826)
vector[7] detects 1 faults (1827)
vector[6] detects 1 faults (1828)
vector[5] detects 1 faults (1829)
vector[4] detects 1 faults (1830)
vector[3] detects 1 faults (1831)
vector[2] detects 4 faults (1835)
vector[1] detects 1 faults (1836)
vector[0] detects 4 faults (1840)

# Result:
-----------------------
# total transition delay faults: 7910
# total detected faults: 1840
# fault coverage: 23.261694 %

#FAULT COVERAGE RESULTS :
#number of test vectors = 139
#total number of gate faults (uncollapsed) = 7910
#total number of detected faults = 1840
#total gate fault coverage = 23.26%
#number of equivalent gate faults (collapsed) = 7866
#number of equivalent detected faults = 1812
#equivalent gate fault coverage = 23.04%

#atpg: cputime for test pattern generation ../sample_circuits/c3540.ckt: 0.1s 0.1s

#Circuit Summary:
#---------------
#number of inputs = 32
#number of outputs = 32
#number of gates = 4800
#number of wires = 4832
Read vectors
#atpg: cputime for reading in circuit ../sample_circuits/c6288.ckt: 0.0s 0.0s
#atpg: cputime for levelling circuit ../sample_circuits/c6288.ckt: 0.1s 0.1s
#atpg: cputime for rearranging gate inputs ../sample_circuits/c6288.ckt: 0.0s 0.1s
#atpg: cputime for creating dummy nodes ../sample_circuits/c6288.ckt: 0.0s 0.1s
#atpg: cputime for generating fault list ../sample_circuits/c6288.ckt: 0.0s 0.1s
vector[117] detects 2486 faults (2486)
vector[116] detects 2340 faults (4826)
vector[115] detects 2071 faults (6897)
vector[114] detects 1445 faults (8342)
vector[113] detects 1101 faults (9443)
vector[112] detects 823 faults (10266)
vector[111] detects 947 faults (11213)
vector[110] detects 560 faults (11773)
vector[109] detects 572 faults (12345)
vector[108] detects 414 faults (12759)
vector[107] detects 274 faults (13033)
vector[106] detects 555 faults (13588)
vector[105] detects 126 faults (13714)
vector[104] detects 115 faults (13829)
vector[103] detects 112 faults (13941)
vector[102] detects 45 faults (13986)
vector[101] detects 29 faults (14015)
vector[100] detects 34 faults (14049)
vector[99] detects 43 faults (14092)
vector[98] detects 38 faults (14130)
vector[97] detects 218 faults (14348)
vector[96] detects 371 faults (14719)
vector[95] detects 59 faults (14778)
vector[94] detects 147 faults (14925)
vector[93] detects 46 faults (14971)
vector[92] detects 66 faults (15037)
vector[91] detects 3 faults (15040)
vector[90] detects 298 faults (15338)
vector[89] detects 215 faults (15553)
vector[88] detects 190 faults (15743)
vector[87] detects 72 faults (15815)
vector[86] detects 74 faults (15889)
vector[85] detects 8 faults (15897)
vector[84] detects 10 faults (15907)
vector[83] detects 12 faults (15919)
vector[82] detects 127 faults (16046)
vector[81] detects 43 faults (16089)
vector[80] detects 32 faults (16121)
vector[79] detects 17 faults (16138)
vector[78] detects 38 faults (16176)
vector[77] detects 25 faults (16201)
vector[76] detects 44 faults (16245)
vector[75] detects 3 faults (16248)
vector[74] detects 2 faults (16250)
vector[73] detects 44 faults (16294)
vector[72] detects 14 faults (16308)
vector[71] detects 6 faults (16314)
vector[70] detects 58 faults (16372)
vector[69] detects 39 faults (16411)
vector[68] detects 3 faults (16414)
vector[67] detects 16 faults (16430)
vector[66] detects 34 faults (16464)
vector[65] detects 2 faults (16466)
vector[64] detects 58 faults (16524)
vector[63] detects 17 faults (16541)
vector[62] detects 76 faults (16617)
vector[61] detects 6 faults (16623)
vector[60] detects 7 faults (16630)
vector[59] detects 3 faults (16633)
vector[58] detects 10 faults (16643)
vector[57] detects 8 faults (16651)
vector[56] detects 2 faults (16653)
vector[55] detects 9 faults (16662)
vector[54] detects 17 faults (16679)
vector[53] detects 20 faults (16699)
vector[52] detects 6 faults (16705)
vector[51] detects 3 faults (16708)
vector[50] detects 2 faults (16710)
vector[49] detects 2 faults (16712)
vector[48] detects 6 faults (16718)
vector[47] detects 3 faults (16721)
vector[46] detects 4 faults (16725)
vector[45] detects 2 faults (16727)
vector[44] detects 12 faults (16739)
vector[43] detects 15 faults (16754)
vector[42] detects 5 faults (16759)
vector[41] detects 35 faults (16794)
vector[40] detects 3 faults (16797)
vector[39] detects 2 faults (16799)
vector[38] detects 19 faults (16818)
vector[37] detects 2 faults (16820)
vector[36] detects 10 faults (16830)
vector[35] detects 2 faults (16832)
vector[34] detects 16 faults (16848)
vector[33] detects 2 faults (16850)
vector[32] detects 5 faults (16855)
vector[31] detects 13 faults (16868)
vector[30] detects 5 faults (16873)
vector[29] detects 3 faults (16876)
vector[28] detects 2 faults (16878)
vector[27] detects 2 faults (16880)
vector[26] detects 5 faults (16885)
vector[25] detects 2 faults (16887)
vector[24] detects 5 faults (16892)
vector[23] detects 2 faults (16894)
vector[22] detects 4 faults (16898)
vector[21] detects 3 faults (16901)
vector[20] detects 2 faults (16903)
vector[19] detects 14 faults (16917)
vector[18] detects 3 faults (16920)
vector[17] detects 5 faults (16925)
vector[16] detects 3 faults (16928)
vector[15] detects 7 faults (16935)
vector[14] detects 3 faults (16938)
vector[13] detects 4 faults (16942)
vector[12] detects 3 faults (16945)
vector[11] detects 2 faults (16947)
vector[10] detects 3 faults (16950)
vector[9] detects 2 faults (16952)
vector[8] detects 2 faults (16954)
vector[7] detects 2 faults (16956)
vector[6] detects 2 faults (16958)
vector[5] detects 2 faults (16960)
vector[4] detects 2 faults (16962)
vector[3] detects 3 faults (16965)
vector[2] detects 2 faults (16967)
vector[1] detects 1 faults (16968)
vector[0] detects 1 faults (16969)

# Result:
-----------------------
# total transition delay faults: 17376
# total detected faults: 16969
# fault coverage: 97.657689 %

#FAULT COVERAGE RESULTS :
#number of test vectors = 118
#total number of gate faults (uncollapsed) = 17376
#total number of detected faults = 16969
#total gate fault coverage = 97.66%
#number of equivalent gate faults (collapsed) = 17312
#number of equivalent detected faults = 16922
#equivalent gate fault coverage = 97.75%

#atpg: cputime for test pattern generation ../sample_circuits/c6288.ckt: 0.2s 0.3s

#Circuit Summary:
#---------------
#number of inputs = 207
#number of outputs = 108
#number of gates = 5679
#number of wires = 5886
Read vectors
#atpg: cputime for reading in circuit ../sample_circuits/c7552.ckt: 0.0s 0.0s
#atpg: cputime for levelling circuit ../sample_circuits/c7552.ckt: 0.1s 0.1s
#atpg: cputime for rearranging gate inputs ../sample_circuits/c7552.ckt: 0.0s 0.1s
#atpg: cputime for creating dummy nodes ../sample_circuits/c7552.ckt: 0.0s 0.1s
#atpg: cputime for generating fault list ../sample_circuits/c7552.ckt: 0.0s 0.1s
vector[504] detects 1170 faults (1170)
vector[503] detects 877 faults (2047)
vector[502] detects 1051 faults (3098)
vector[501] detects 975 faults (4073)
vector[500] detects 602 faults (4675)
vector[499] detects 802 faults (5477)
vector[498] detects 310 faults (5787)
vector[497] detects 449 faults (6236)
vector[496] detects 546 faults (6782)
vector[495] detects 596 faults (7378)
vector[494] detects 424 faults (7802)
vector[493] detects 518 faults (8320)
vector[492] detects 828 faults (9148)
vector[491] detects 425 faults (9573)
vector[490] detects 315 faults (9888)
vector[489] detects 198 faults (10086)
vector[488] detects 137 faults (10223)
vector[487] detects 94 faults (10317)
vector[486] detects 125 faults (10442)
vector[485] detects 223 faults (10665)
vector[484] detects 359 faults (11024)
vector[483] detects 96 faults (11120)
vector[482] detects 100 faults (11220)
vector[481] detects 139 faults (11359)
vector[480] detects 73 faults (11432)
vector[479] detects 192 faults (11624)
vector[478] detects 119 faults (11743)
vector[477] detects 115 faults (11858)
vector[476] detects 266 faults (12124)
vector[475] detects 29 faults (12153)
vector[474] detects 44 faults (12197)
vector[473] detects 96 faults (12293)
vector[472] detects 90 faults (12383)
vector[471] detects 51 faults (12434)
vector[470] detects 286 faults (12720)
vector[469] detects 140 faults (12860)
vector[468] detects 296 faults (13156)
vector[467] detects 78 faults (13234)
vector[466] detects 49 faults (13283)
vector[465] detects 125 faults (13408)
vector[464] detects 140 faults (13548)
vector[463] detects 169 faults (13717)
vector[462] detects 62 faults (13779)
vector[461] detects 93 faults (13872)
vector[460] detects 62 faults (13934)
vector[459] detects 96 faults (14030)
vector[458] detects 27 faults (14057)
vector[457] detects 59 faults (14116)
vector[456] detects 46 faults (14162)
vector[455] detects 69 faults (14231)
vector[454] detects 147 faults (14378)
vector[453] detects 40 faults (14418)
vector[452] detects 80 faults (14498)
vector[451] detects 104 faults (14602)
vector[450] detects 27 faults (14629)
vector[449] detects 52 faults (14681)
vector[448] detects 46 faults (14727)
vector[447] detects 78 faults (14805)
vector[446] detects 33 faults (14838)
vector[445] detects 18 faults (14856)
vector[444] detects 7 faults (14863)
vector[443] detects 8 faults (14871)
vector[442] detects 20 faults (14891)
vector[441] detects 21 faults (14912)
vector[440] detects 47 faults (14959)
vector[439] detects 57 faults (15016)
vector[438] detects 44 faults (15060)
vector[437] detects 8 faults (15068)
vector[436] detects 34 faults (15102)
vector[435] detects 95 faults (15197)
vector[434] detects 81 faults (15278)
vector[433] detects 82 faults (15360)
vector[432] detects 23 faults (15383)
vector[431] detects 49 faults (15432)
vector[430] detects 78 faults (15510)
vector[429] detects 31 faults (15541)
vector[428] detects 181 faults (15722)
vector[427] detects 55 faults (15777)
vector[426] detects 33 faults (15810)
vector[425] detects 26 faults (15836)
vector[424] detects 41 faults (15877)
vector[423] detects 54 faults (15931)
vector[422] detects 40 faults (15971)
vector[421] detects 15 faults (15986)
vector[420] detects 32 faults (16018)
vector[419] detects 24 faults (16042)
vector[418] detects 55 faults (16097)
vector[417] detects 18 faults (16115)
vector[416] detects 19 faults (16134)
vector[415] detects 36 faults (16170)
vector[414] detects 18 faults (16188)
vector[413] detects 20 faults (16208)
vector[412] detects 72 faults (16280)
vector[411] detects 9 faults (16289)
vector[410] detects 35 faults (16324)
vector[409] detects 20 faults (16344)
vector[408] detects 27 faults (16371)
vector[407] detects 50 faults (16421)
vector[406] detects 29 faults (16450)
vector[405] detects 26 faults (16476)
vector[404] detects 8 faults (16484)
vector[403] detects 81 faults (16565)
vector[402] detects 15 faults (16580)
vector[401] detects 101 faults (16681)
vector[400] detects 8 faults (16689)
vector[399] detects 55 faults (16744)
vector[398] detects 9 faults (16753)
vector[397] detects 29 faults (16782)
vector[396] detects 7 faults (16789)
vector[395] detects 6 faults (16795)
vector[394] detects 9 faults (16804)
vector[393] detects 7 faults (16811)
vector[392] detects 10 faults (16821)
vector[391] detects 8 faults (16829)
vector[390] detects 46 faults (16875)
vector[389] detects 3 faults (16878)
vector[388] detects 13 faults (16891)
vector[387] detects 18 faults (16909)
vector[386] detects 2 faults (16911)
vector[385] detects 11 faults (16922)
vector[384] detects 13 faults (16935)
vector[383] detects 20 faults (16955)
vector[382] detects 14 faults (16969)
vector[381] detects 13 faults (16982)
vector[380] detects 4 faults (16986)
vector[379] detects 36 faults (17022)
vector[378] detects 13 faults (17035)
vector[377] detects 6 faults (17041)
vector[376] detects 5 faults (17046)
vector[375] detects 17 faults (17063)
vector[374] detects 2 faults (17065)
vector[373] detects 8 faults (17073)
vector[372] detects 4 faults (17077)
vector[371] detects 23 faults (17100)
vector[370] detects 13 faults (17113)
vector[369] detects 13 faults (17126)
vector[368] detects 8 faults (17134)
vector[367] detects 8 faults (17142)
vector[366] detects 15 faults (17157)
vector[365] detects 17 faults (17174)
vector[364] detects 5 faults (17179)
vector[363] detects 23 faults (17202)
vector[362] detects 8 faults (17210)
vector[361] detects 11 faults (17221)
vector[360] detects 15 faults (17236)
vector[359] detects 2 faults (17238)
vector[358] detects 2 faults (17240)
vector[357] detects 2 faults (17242)
vector[356] detects 4 faults (17246)
vector[355] detects 14 faults (17260)
vector[354] detects 5 faults (17265)
vector[353] detects 17 faults (17282)
vector[352] detects 7 faults (17289)
vector[351] detects 11 faults (17300)
vector[350] detects 5 faults (17305)
vector[349] detects 10 faults (17315)
vector[348] detects 26 faults (17341)
vector[347] detects 5 faults (17346)
vector[346] detects 2 faults (17348)
vector[345] detects 17 faults (17365)
vector[344] detects 3 faults (17368)
vector[343] detects 2 faults (17370)
vector[342] detects 91 faults (17461)
vector[341] detects 7 faults (17468)
vector[340] detects 3 faults (17471)
vector[339] detects 13 faults (17484)
vector[338] detects 26 faults (17510)
vector[337] detects 10 faults (17520)
vector[336] detects 11 faults (17531)
vector[335] detects 17 faults (17548)
vector[334] detects 6 faults (17554)
vector[333] detects 4 faults (17558)
vector[332] detects 33 faults (17591)
vector[331] detects 19 faults (17610)
vector[330] detects 27 faults (17637)
vector[329] detects 23 faults (17660)
vector[328] detects 32 faults (17692)
vector[327] detects 32 faults (17724)
vector[326] detects 8 faults (17732)
vector[325] detects 11 faults (17743)
vector[324] detects 9 faults (17752)
vector[323] detects 8 faults (17760)
vector[322] detects 6 faults (17766)
vector[321] detects 44 faults (17810)
vector[320] detects 2 faults (17812)
vector[319] detects 16 faults (17828)
vector[318] detects 20 faults (17848)
vector[317] detects 6 faults (17854)
vector[316] detects 3 faults (17857)
vector[315] detects 11 faults (17868)
vector[314] detects 5 faults (17873)
vector[313] detects 10 faults (17883)
vector[312] detects 6 faults (17889)
vector[311] detects 6 faults (17895)
vector[310] detects 7 faults (17902)
vector[309] detects 8 faults (17910)
vector[308] detects 4 faults (17914)
vector[307] detects 7 faults (17921)
vector[306] detects 24 faults (17945)
vector[305] detects 7 faults (17952)
vector[304] detects 15 faults (17967)
vector[303] detects 5 faults (17972)
vector[302] detects 11 faults (17983)
vector[301] detects 7 faults (17990)
vector[300] detects 7 faults (17997)
vector[299] detects 16 faults (18013)
vector[298] detects 12 faults (18025)
vector[297] detects 7 faults (18032)
vector[296] detects 6 faults (18038)
vector[295] detects 10 faults (18048)
vector[294] detects 2 faults (18050)
vector[293] detects 3 faults (18053)
vector[292] detects 5 faults (18058)
vector[291] detects 2 faults (18060)
vector[290] detects 28 faults (18088)
vector[289] detects 4 faults (18092)
vector[288] detects 13 faults (18105)
vector[287] detects 14 faults (18119)
vector[286] detects 5 faults (18124)
vector[285] detects 3 faults (18127)
vector[284] detects 3 faults (18130)
vector[283] detects 4 faults (18134)
vector[282] detects 6 faults (18140)
vector[281] detects 6 faults (18146)
vector[280] detects 2 faults (18148)
vector[279] detects 9 faults (18157)
vector[278] detects 12 faults (18169)
vector[277] detects 3 faults (18172)
vector[276] detects 7 faults (18179)
vector[275] detects 2 faults (18181)
vector[274] detects 2 faults (18183)
vector[273] detects 5 faults (18188)
vector[272] detects 8 faults (18196)
vector[271] detects 4 faults (18200)
vector[270] detects 3 faults (18203)
vector[269] detects 3 faults (18206)
vector[268] detects 8 faults (18214)
vector[267] detects 2 faults (18216)
vector[266] detects 2 faults (18218)
vector[265] detects 4 faults (18222)
vector[264] detects 8 faults (18230)
vector[263] detects 8 faults (18238)
vector[262] detects 2 faults (18240)
vector[261] detects 10 faults (18250)
vector[260] detects 6 faults (18256)
vector[259] detects 3 faults (18259)
vector[258] detects 8 faults (18267)
vector[257] detects 11 faults (18278)
vector[256] detects 3 faults (18281)
vector[255] detects 4 faults (18285)
vector[254] detects 3 faults (18288)
vector[253] detects 5 faults (18293)
vector[252] detects 4 faults (18297)
vector[251] detects 5 faults (18302)
vector[250] detects 5 faults (18307)
vector[249] detects 6 faults (18313)
vector[248] detects 3 faults (18316)
vector[247] detects 3 faults (18319)
vector[246] detects 4 faults (18323)
vector[245] detects 8 faults (18331)
vector[244] detects 2 faults (18333)
vector[243] detects 8 faults (18341)
vector[242] detects 8 faults (18349)
vector[241] detects 6 faults (18355)
vector[240] detects 7 faults (18362)
vector[239] detects 5 faults (18367)
vector[238] detects 10 faults (18377)
vector[237] detects 4 faults (18381)
vector[236] detects 4 faults (18385)
vector[235] detects 5 faults (18390)
vector[234] detects 3 faults (18393)
vector[233] detects 2 faults (18395)
vector[232] detects 7 faults (18402)
vector[231] detects 3 faults (18405)
vector[230] detects 2 faults (18407)
vector[229] detects 2 faults (18409)
vector[228] detects 2 faults (18411)
vector[227] detects 4 faults (18415)
vector[226] detects 6 faults (18421)
vector[225] detects 2 faults (18423)
vector[224] detects 6 faults (18429)
vector[223] detects 6 faults (18435)
vector[222] detects 4 faults (18439)
vector[221] detects 2 faults (18441)
vector[220] detects 4 faults (18445)
vector[219] detects 9 faults (18454)
vector[218] detects 9 faults (18463)
vector[217] detects 2 faults (18465)
vector[216] detects 9 faults (18474)
vector[215] detects 3 faults (18477)
vector[214] detects 9 faults (18486)
vector[213] detects 9 faults (18495)
vector[212] detects 9 faults (18504)
vector[211] detects 4 faults (18508)
vector[210] detects 11 faults (18519)
vector[209] detects 2 faults (18521)
vector[208] detects 8 faults (18529)
vector[207] detects 3 faults (18532)
vector[206] detects 11 faults (18543)
vector[205] detects 5 faults (18548)
vector[204] detects 7 faults (18555)
vector[203] detects 6 faults (18561)
vector[202] detects 3 faults (18564)
vector[201] detects 2 faults (18566)
vector[200] detects 2 faults (18568)
vector[199] detects 2 faults (18570)
vector[198] detects 4 faults (18574)
vector[197] detects 4 faults (18578)
vector[196] detects 4 faults (18582)
vector[195] detects 6 faults (18588)
vector[194] detects 5 faults (18593)
vector[193] detects 4 faults (18597)
vector[192] detects 3 faults (18600)
vector[191] detects 5 faults (18605)
vector[190] detects 3 faults (18608)
vector[189] detects 2 faults (18610)
vector[188] detects 5 faults (18615)
vector[187] detects 3 faults (18618)
vector[186] detects 2 faults (18620)
vector[185] detects 2 faults (18622)
vector[184] detects 2 faults (18624)
vector[183] detects 2 faults (18626)
vector[182] detects 2 faults (18628)
vector[181] detects 6 faults (18634)
vector[180] detects 2 faults (18636)
vector[179] detects 3 faults (18639)
vector[178] detects 2 faults (18641)
vector[177] detects 2 faults (18643)
vector[176] detects 2 faults (18645)
vector[175] detects 2 faults (18647)
vector[174] detects 4 faults (18651)
vector[173] detects 4 faults (18655)
vector[172] detects 2 faults (18657)
vector[171] detects 3 faults (18660)
vector[170] detects 2 faults (18662)
vector[169] detects 6 faults (18668)
vector[168] detects 2 faults (18670)
vector[167] detects 4 faults (18674)
vector[166] detects 5 faults (18679)
vector[165] detects 4 faults (18683)
vector[164] detects 2 faults (18685)
vector[163] detects 2 faults (18687)
vector[162] detects 3 faults (18690)
vector[161] detects 2 faults (18692)
vector[160] detects 2 faults (18694)
vector[159] detects 2 faults (18696)
vector[158] detects 3 faults (18699)
vector[157] detects 4 faults (18703)
vector[156] detects 3 faults (18706)
vector[155] detects 3 faults (18709)
vector[154] detects 2 faults (18711)
vector[153] detects 3 faults (18714)
vector[152] detects 2 faults (18716)
vector[151] detects 2 faults (18718)
vector[150] detects 2 faults (18720)
vector[149] detects 2 faults (18722)
vector[148] detects 2 faults (18724)
vector[147] detects 5 faults (18729)
vector[146] detects 4 faults (18733)
vector[145] detects 3 faults (18736)
vector[144] detects 2 faults (18738)
vector[143] detects 2 faults (18740)
vector[142] detects 2 faults (18742)
vector[141] detects 2 faults (18744)
vector[140] detects 2 faults (18746)
vector[139] detects 3 faults (18749)
vector[138] detects 2 faults (18751)
vector[137] detects 2 faults (18753)
vector[136] detects 2 faults (18755)
vector[135] detects 2 faults (18757)
vector[134] detects 2 faults (18759)
vector[133] detects 2 faults (18761)
vector[132] detects 3 faults (18764)
vector[131] detects 2 faults (18766)
vector[130] detects 2 faults (18768)
vector[129] detects 6 faults (18774)
vector[128] detects 5 faults (18779)
vector[127] detects 2 faults (18781)
vector[126] detects 4 faults (18785)
vector[125] detects 4 faults (18789)
vector[124] detects 4 faults (18793)
vector[123] detects 3 faults (18796)
vector[122] detects 2 faults (18798)
vector[121] detects 4 faults (18802)
vector[120] detects 2 faults (18804)
vector[119] detects 4 faults (18808)
vector[118] detects 4 faults (18812)
vector[117] detects 2 faults (18814)
vector[116] detects 5 faults (18819)
vector[115] detects 2 faults (18821)
vector[114] detects 2 faults (18823)
vector[113] detects 6 faults (18829)
vector[112] detects 2 faults (18831)
vector[111] detects 3 faults (18834)
vector[110] detects 2 faults (18836)
vector[109] detects 2 faults (18838)
vector[108] detects 2 faults (18840)
vector[107] detects 3 faults (18843)
vector[106] detects 2 faults (18845)
vector[105] detects 2 faults (18847)
vector[104] detects 5 faults (18852)
vector[103] detects 2 faults (18854)
vector[102] detects 2 faults (18856)
vector[101] detects 6 faults (18862)
vector[100] detects 2 faults (18864)
vector[99] detects 2 faults (18866)
vector[98] detects 2 faults (18868)
vector[97] detects 4 faults (18872)
vector[96] detects 2 faults (18874)
vector[95] detects 12 faults (18886)
vector[94] detects 3 faults (18889)
vector[93] detects 2 faults (18891)
vector[92] detects 2 faults (18893)
vector[91] detects 4 faults (18897)
vector[90] detects 2 faults (18899)
vector[89] detects 2 faults (18901)
vector[88] detects 2 faults (18903)
vector[87] detects 2 faults (18905)
vector[86] detects 2 faults (18907)
vector[85] detects 2 faults (18909)
vector[84] detects 2 faults (18911)
vector[83] detects 2 faults (18913)
vector[82] detects 2 faults (18915)
vector[81] detects 2 faults (18917)
vector[80] detects 2 faults (18919)
vector[79] detects 4 faults (18923)
vector[78] detects 3 faults (18926)
vector[77] detects 4 faults (18930)
vector[76] detects 8 faults (18938)
vector[75] detects 3 faults (18941)
vector[74] detects 3 faults (18944)
vector[73] detects 4 faults (18948)
vector[72] detects 2 faults (18950)
vector[71] detects 6 faults (18956)
vector[70] detects 6 faults (18962)
vector[69] detects 4 faults (18966)
vector[68] detects 4 faults (18970)
vector[67] detects 2 faults (18972)
vector[66] detects 8 faults (18980)
vector[65] detects 2 faults (18982)
vector[64] detects 4 faults (18986)
vector[63] detects 2 faults (18988)
vector[62] detects 2 faults (18990)
vector[61] detects 2 faults (18992)
vector[60] detects 5 faults (18997)
vector[59] detects 5 faults (19002)
vector[58] detects 4 faults (19006)
vector[57] detects 2 faults (19008)
vector[56] detects 2 faults (19010)
vector[55] detects 2 faults (19012)
vector[54] detects 2 faults (19014)
vector[53] detects 5 faults (19019)
vector[52] detects 4 faults (19023)
vector[51] detects 4 faults (19027)
vector[50] detects 3 faults (19030)
vector[49] detects 2 faults (19032)
vector[48] detects 5 faults (19037)
vector[47] detects 3 faults (19040)
vector[46] detects 4 faults (19044)
vector[45] detects 2 faults (19046)
vector[44] detects 2 faults (19048)
vector[43] detects 2 faults (19050)
vector[42] detects 1 faults (19051)
vector[41] detects 3 faults (19054)
vector[40] detects 1 faults (19055)
vector[39] detects 1 faults (19056)
vector[38] detects 2 faults (19058)
vector[37] detects 1 faults (19059)
vector[36] detects 1 faults (19060)
vector[35] detects 1 faults (19061)
vector[34] detects 1 faults (19062)
vector[33] detects 2 faults (19064)
vector[32] detects 1 faults (19065)
vector[31] detects 1 faults (19066)
vector[30] detects 1 faults (19067)
vector[29] detects 2 faults (19069)
vector[28] detects 1 faults (19070)
vector[27] detects 1 faults (19071)
vector[26] detects 1 faults (19072)
vector[25] detects 1 faults (19073)
vector[24] detects 1 faults (19074)
vector[23] detects 1 faults (19075)
vector[22] detects 1 faults (19076)
vector[21] detects 1 faults (19077)
vector[20] detects 1 faults (19078)
vector[19] detects 3 faults (19081)
vector[18] detects 1 faults (19082)
vector[17] detects 1 faults (19083)
vector[16] detects 1 faults (19084)
vector[15] detects 1 faults (19085)
vector[14] detects 1 faults (19086)
vector[13] detects 1 faults (19087)
vector[12] detects 1 faults (19088)
vector[11] detects 1 faults (19089)
vector[10] detects 1 faults (19090)
vector[9] detects 1 faults (19091)
vector[8] detects 1 faults (19092)
vector[7] detects 1 faults (19093)
vector[6] detects 1 faults (19094)
vector[5] detects 1 faults (19095)
vector[4] detects 1 faults (19096)
vector[3] detects 2 faults (19098)
vector[2] detects 2 faults (19100)
vector[1] detects 1 faults (19101)
vector[0] detects 1 faults (19102)

# Result:
-----------------------
# total transition delay faults: 19456
# total detected faults: 19102
# fault coverage: 98.180510 %

#FAULT COVERAGE RESULTS :
#number of test vectors = 505
#total number of gate faults (uncollapsed) = 19456
#total number of detected faults = 19102
#total gate fault coverage = 98.18%
#number of equivalent gate faults (collapsed) = 16334
#number of equivalent detected faults = 16064
#equivalent gate fault coverage = 98.35%

#atpg: cputime for test pattern generation ../sample_circuits/c7552.ckt: 0.6s 0.7s
