
#Circuit Summary:
#---------------
#number of inputs = 5
#number of outputs = 2
#number of gates = 6
#number of wires = 11
Read vectors
#atpg: cputime for reading in circuit ../sample_circuits/c17.ckt: 0.0s 0.0s
#atpg: cputime for levelling circuit ../sample_circuits/c17.ckt: 0.0s 0.0s
#atpg: cputime for rearranging gate inputs ../sample_circuits/c17.ckt: 0.0s 0.0s
#atpg: cputime for creating dummy nodes ../sample_circuits/c17.ckt: 0.0s 0.0s
#atpg: cputime for generating fault list ../sample_circuits/c17.ckt: 0.0s 0.0s
vector[9] detects 2 faults (2)
vector[8] detects 6 faults (8)
vector[7] detects 5 faults (13)
vector[6] detects 10 faults (23)
vector[5] detects 1 faults (24)
vector[4] detects 5 faults (29)
vector[3] detects 2 faults (31)
vector[2] detects 0 faults (31)
vector[1] detects 0 faults (31)
vector[0] detects 1 faults (32)

# Result:
-----------------------
# total transition delay faults: 34
# total detected faults: 32
# fault coverage: 94.117647 %

#FAULT COVERAGE RESULTS :
#number of test vectors = 10
#total number of gate faults (uncollapsed) = 34
#total number of detected faults = 32
#total gate fault coverage = 94.12%
#number of equivalent gate faults (collapsed) = 34
#number of equivalent detected faults = 32
#equivalent gate fault coverage = 94.12%

#atpg: cputime for test pattern generation ../sample_circuits/c17.ckt: 0.0s 0.0s

#Circuit Summary:
#---------------
#number of inputs = 36
#number of outputs = 7
#number of gates = 245
#number of wires = 281
Read vectors
#atpg: cputime for reading in circuit ../sample_circuits/c432.ckt: 0.0s 0.0s
#atpg: cputime for levelling circuit ../sample_circuits/c432.ckt: 0.0s 0.0s
#atpg: cputime for rearranging gate inputs ../sample_circuits/c432.ckt: 0.0s 0.0s
#atpg: cputime for creating dummy nodes ../sample_circuits/c432.ckt: 0.0s 0.0s
#atpg: cputime for generating fault list ../sample_circuits/c432.ckt: 0.0s 0.0s
vector[23] detects 8 faults (8)
vector[22] detects 2 faults (10)
vector[21] detects 4 faults (14)
vector[20] detects 3 faults (17)
vector[19] detects 4 faults (21)
vector[18] detects 3 faults (24)
vector[17] detects 4 faults (28)
vector[16] detects 3 faults (31)
vector[15] detects 4 faults (35)
vector[14] detects 3 faults (38)
vector[13] detects 4 faults (42)
vector[12] detects 3 faults (45)
vector[11] detects 4 faults (49)
vector[10] detects 3 faults (52)
vector[9] detects 2 faults (54)
vector[8] detects 5 faults (59)
vector[7] detects 2 faults (61)
vector[6] detects 53 faults (114)
vector[5] detects 4 faults (118)
vector[4] detects 3 faults (121)
vector[3] detects 2 faults (123)
vector[2] detects 4 faults (127)
vector[1] detects 2 faults (129)
vector[0] detects 0 faults (129)

# Result:
-----------------------
# total transition delay faults: 1110
# total detected faults: 129
# fault coverage: 11.621622 %

#FAULT COVERAGE RESULTS :
#number of test vectors = 24
#total number of gate faults (uncollapsed) = 1110
#total number of detected faults = 129
#total gate fault coverage = 11.62%
#number of equivalent gate faults (collapsed) = 1034
#number of equivalent detected faults = 129
#equivalent gate fault coverage = 12.48%

#atpg: cputime for test pattern generation ../sample_circuits/c432.ckt: 0.0s 0.0s

#Circuit Summary:
#---------------
#number of inputs = 41
#number of outputs = 32
#number of gates = 554
#number of wires = 595
Read vectors
#atpg: cputime for reading in circuit ../sample_circuits/c499.ckt: 0.0s 0.0s
#atpg: cputime for levelling circuit ../sample_circuits/c499.ckt: 0.0s 0.0s
#atpg: cputime for rearranging gate inputs ../sample_circuits/c499.ckt: 0.0s 0.0s
#atpg: cputime for creating dummy nodes ../sample_circuits/c499.ckt: 0.0s 0.0s
#atpg: cputime for generating fault list ../sample_circuits/c499.ckt: 0.0s 0.0s
vector[139] detects 352 faults (352)
vector[138] detects 238 faults (590)
vector[137] detects 205 faults (795)
vector[136] detects 181 faults (976)
vector[135] detects 148 faults (1124)
vector[134] detects 109 faults (1233)
vector[133] detects 56 faults (1289)
vector[132] detects 66 faults (1355)
vector[131] detects 111 faults (1466)
vector[130] detects 51 faults (1517)
vector[129] detects 67 faults (1584)
vector[128] detects 40 faults (1624)
vector[127] detects 34 faults (1658)
vector[126] detects 20 faults (1678)
vector[125] detects 45 faults (1723)
vector[124] detects 33 faults (1756)
vector[123] detects 8 faults (1764)
vector[122] detects 36 faults (1800)
vector[121] detects 11 faults (1811)
vector[120] detects 6 faults (1817)
vector[119] detects 4 faults (1821)
vector[118] detects 27 faults (1848)
vector[117] detects 8 faults (1856)
vector[116] detects 6 faults (1862)
vector[115] detects 1 faults (1863)
vector[114] detects 7 faults (1870)
vector[113] detects 8 faults (1878)
vector[112] detects 7 faults (1885)
vector[111] detects 0 faults (1885)
vector[110] detects 8 faults (1893)
vector[109] detects 19 faults (1912)
vector[108] detects 31 faults (1943)
vector[107] detects 20 faults (1963)
vector[106] detects 21 faults (1984)
vector[105] detects 13 faults (1997)
vector[104] detects 26 faults (2023)
vector[103] detects 10 faults (2033)
vector[102] detects 7 faults (2040)
vector[101] detects 21 faults (2061)
vector[100] detects 10 faults (2071)
vector[99] detects 14 faults (2085)
vector[98] detects 7 faults (2092)
vector[97] detects 13 faults (2105)
vector[96] detects 14 faults (2119)
vector[95] detects 12 faults (2131)
vector[94] detects 5 faults (2136)
vector[93] detects 5 faults (2141)
vector[92] detects 7 faults (2148)
vector[91] detects 9 faults (2157)
vector[90] detects 1 faults (2158)
vector[89] detects 17 faults (2175)
vector[88] detects 6 faults (2181)
vector[87] detects 7 faults (2188)
vector[86] detects 1 faults (2189)
vector[85] detects 14 faults (2203)
vector[84] detects 1 faults (2204)
vector[83] detects 1 faults (2205)
vector[82] detects 24 faults (2229)
vector[81] detects 0 faults (2229)
vector[80] detects 4 faults (2233)
vector[79] detects 0 faults (2233)
vector[78] detects 3 faults (2236)
vector[77] detects 7 faults (2243)
vector[76] detects 1 faults (2244)
vector[75] detects 0 faults (2244)
vector[74] detects 10 faults (2254)
vector[73] detects 0 faults (2254)
vector[72] detects 1 faults (2255)
vector[71] detects 0 faults (2255)
vector[70] detects 2 faults (2257)
vector[69] detects 0 faults (2257)
vector[68] detects 1 faults (2258)
vector[67] detects 0 faults (2258)
vector[66] detects 0 faults (2258)
vector[65] detects 1 faults (2259)
vector[64] detects 4 faults (2263)
vector[63] detects 3 faults (2266)
vector[62] detects 1 faults (2267)
vector[61] detects 0 faults (2267)
vector[60] detects 0 faults (2267)
vector[59] detects 1 faults (2268)
vector[58] detects 0 faults (2268)
vector[57] detects 0 faults (2268)
vector[56] detects 6 faults (2274)
vector[55] detects 2 faults (2276)
vector[54] detects 0 faults (2276)
vector[53] detects 0 faults (2276)
vector[52] detects 3 faults (2279)
vector[51] detects 0 faults (2279)
vector[50] detects 0 faults (2279)
vector[49] detects 0 faults (2279)
vector[48] detects 0 faults (2279)
vector[47] detects 0 faults (2279)
vector[46] detects 0 faults (2279)
vector[45] detects 0 faults (2279)
vector[44] detects 0 faults (2279)
vector[43] detects 0 faults (2279)
vector[42] detects 0 faults (2279)
vector[41] detects 0 faults (2279)
vector[40] detects 0 faults (2279)
vector[39] detects 0 faults (2279)
vector[38] detects 1 faults (2280)
vector[37] detects 0 faults (2280)
vector[36] detects 2 faults (2282)
vector[35] detects 0 faults (2282)
vector[34] detects 0 faults (2282)
vector[33] detects 0 faults (2282)
vector[32] detects 0 faults (2282)
vector[31] detects 0 faults (2282)
vector[30] detects 0 faults (2282)
vector[29] detects 0 faults (2282)
vector[28] detects 0 faults (2282)
vector[27] detects 0 faults (2282)
vector[26] detects 0 faults (2282)
vector[25] detects 1 faults (2283)
vector[24] detects 0 faults (2283)
vector[23] detects 0 faults (2283)
vector[22] detects 0 faults (2283)
vector[21] detects 0 faults (2283)
vector[20] detects 0 faults (2283)
vector[19] detects 0 faults (2283)
vector[18] detects 0 faults (2283)
vector[17] detects 0 faults (2283)
vector[16] detects 0 faults (2283)
vector[15] detects 0 faults (2283)
vector[14] detects 0 faults (2283)
vector[13] detects 0 faults (2283)
vector[12] detects 0 faults (2283)
vector[11] detects 0 faults (2283)
vector[10] detects 0 faults (2283)
vector[9] detects 0 faults (2283)
vector[8] detects 0 faults (2283)
vector[7] detects 0 faults (2283)
vector[6] detects 0 faults (2283)
vector[5] detects 0 faults (2283)
vector[4] detects 0 faults (2283)
vector[3] detects 0 faults (2283)
vector[2] detects 0 faults (2283)
vector[1] detects 2 faults (2285)
vector[0] detects 0 faults (2285)

# Result:
-----------------------
# total transition delay faults: 2390
# total detected faults: 2285
# fault coverage: 95.606695 %

#FAULT COVERAGE RESULTS :
#number of test vectors = 140
#total number of gate faults (uncollapsed) = 2390
#total number of detected faults = 2285
#total gate fault coverage = 95.61%
#number of equivalent gate faults (collapsed) = 2118
#number of equivalent detected faults = 2013
#equivalent gate fault coverage = 95.04%

#atpg: cputime for test pattern generation ../sample_circuits/c499.ckt: 0.0s 0.0s

#Circuit Summary:
#---------------
#number of inputs = 60
#number of outputs = 26
#number of gates = 545
#number of wires = 605
Read vectors
#atpg: cputime for reading in circuit ../sample_circuits/c880.ckt: 0.0s 0.0s
#atpg: cputime for levelling circuit ../sample_circuits/c880.ckt: 0.0s 0.0s
#atpg: cputime for rearranging gate inputs ../sample_circuits/c880.ckt: 0.0s 0.0s
#atpg: cputime for creating dummy nodes ../sample_circuits/c880.ckt: 0.0s 0.0s
#atpg: cputime for generating fault list ../sample_circuits/c880.ckt: 0.0s 0.0s
vector[105] detects 56 faults (56)
vector[104] detects 35 faults (91)
vector[103] detects 47 faults (138)
vector[102] detects 26 faults (164)
vector[101] detects 86 faults (250)
vector[100] detects 39 faults (289)
vector[99] detects 44 faults (333)
vector[98] detects 27 faults (360)
vector[97] detects 44 faults (404)
vector[96] detects 47 faults (451)
vector[95] detects 52 faults (503)
vector[94] detects 31 faults (534)
vector[93] detects 17 faults (551)
vector[92] detects 4 faults (555)
vector[91] detects 51 faults (606)
vector[90] detects 24 faults (630)
vector[89] detects 8 faults (638)
vector[88] detects 24 faults (662)
vector[87] detects 11 faults (673)
vector[86] detects 14 faults (687)
vector[85] detects 4 faults (691)
vector[84] detects 16 faults (707)
vector[83] detects 1 faults (708)
vector[82] detects 15 faults (723)
vector[81] detects 15 faults (738)
vector[80] detects 6 faults (744)
vector[79] detects 0 faults (744)
vector[78] detects 14 faults (758)
vector[77] detects 3 faults (761)
vector[76] detects 18 faults (779)
vector[75] detects 0 faults (779)
vector[74] detects 15 faults (794)
vector[73] detects 12 faults (806)
vector[72] detects 8 faults (814)
vector[71] detects 16 faults (830)
vector[70] detects 5 faults (835)
vector[69] detects 11 faults (846)
vector[68] detects 6 faults (852)
vector[67] detects 7 faults (859)
vector[66] detects 3 faults (862)
vector[65] detects 0 faults (862)
vector[64] detects 4 faults (866)
vector[63] detects 1 faults (867)
vector[62] detects 4 faults (871)
vector[61] detects 11 faults (882)
vector[60] detects 6 faults (888)
vector[59] detects 8 faults (896)
vector[58] detects 1 faults (897)
vector[57] detects 21 faults (918)
vector[56] detects 6 faults (924)
vector[55] detects 5 faults (929)
vector[54] detects 2 faults (931)
vector[53] detects 5 faults (936)
vector[52] detects 1 faults (937)
vector[51] detects 1 faults (938)
vector[50] detects 2 faults (940)
vector[49] detects 8 faults (948)
vector[48] detects 0 faults (948)
vector[47] detects 8 faults (956)
vector[46] detects 0 faults (956)
vector[45] detects 0 faults (956)
vector[44] detects 0 faults (956)
vector[43] detects 2 faults (958)
vector[42] detects 2 faults (960)
vector[41] detects 3 faults (963)
vector[40] detects 3 faults (966)
vector[39] detects 1 faults (967)
vector[38] detects 1 faults (968)
vector[37] detects 2 faults (970)
vector[36] detects 6 faults (976)
vector[35] detects 0 faults (976)
vector[34] detects 13 faults (989)
vector[33] detects 0 faults (989)
vector[32] detects 0 faults (989)
vector[31] detects 0 faults (989)
vector[30] detects 0 faults (989)
vector[29] detects 5 faults (994)
vector[28] detects 0 faults (994)
vector[27] detects 0 faults (994)
vector[26] detects 0 faults (994)
vector[25] detects 0 faults (994)
vector[24] detects 24 faults (1018)
vector[23] detects 10 faults (1028)
vector[22] detects 2 faults (1030)
vector[21] detects 1 faults (1031)
vector[20] detects 1 faults (1032)
vector[19] detects 2 faults (1034)
vector[18] detects 0 faults (1034)
vector[17] detects 8 faults (1042)
vector[16] detects 3 faults (1045)
vector[15] detects 0 faults (1045)
vector[14] detects 9 faults (1054)
vector[13] detects 1 faults (1055)
vector[12] detects 0 faults (1055)
vector[11] detects 0 faults (1055)
vector[10] detects 0 faults (1055)
vector[9] detects 1 faults (1056)
vector[8] detects 0 faults (1056)
vector[7] detects 0 faults (1056)
vector[6] detects 0 faults (1056)
vector[5] detects 0 faults (1056)
vector[4] detects 0 faults (1056)
vector[3] detects 0 faults (1056)
vector[2] detects 2 faults (1058)
vector[1] detects 0 faults (1058)
vector[0] detects 2 faults (1060)

# Result:
-----------------------
# total transition delay faults: 2104
# total detected faults: 1060
# fault coverage: 50.380228 %

#FAULT COVERAGE RESULTS :
#number of test vectors = 106
#total number of gate faults (uncollapsed) = 2104
#total number of detected faults = 1060
#total gate fault coverage = 50.38%
#number of equivalent gate faults (collapsed) = 2002
#number of equivalent detected faults = 1054
#equivalent gate fault coverage = 52.65%

#atpg: cputime for test pattern generation ../sample_circuits/c880.ckt: 0.0s 0.0s

#Circuit Summary:
#---------------
#number of inputs = 41
#number of outputs = 32
#number of gates = 554
#number of wires = 595
Read vectors
#atpg: cputime for reading in circuit ../sample_circuits/c1355.ckt: 0.0s 0.0s
#atpg: cputime for levelling circuit ../sample_circuits/c1355.ckt: 0.0s 0.0s
#atpg: cputime for rearranging gate inputs ../sample_circuits/c1355.ckt: 0.0s 0.0s
#atpg: cputime for creating dummy nodes ../sample_circuits/c1355.ckt: 0.0s 0.0s
#atpg: cputime for generating fault list ../sample_circuits/c1355.ckt: 0.0s 0.0s
vector[73] detects 36 faults (36)
vector[72] detects 3 faults (39)
vector[71] detects 11 faults (50)
vector[70] detects 154 faults (204)
vector[69] detects 2 faults (206)
vector[68] detects 1 faults (207)
vector[67] detects 2 faults (209)
vector[66] detects 8 faults (217)
vector[65] detects 2 faults (219)
vector[64] detects 1 faults (220)
vector[63] detects 8 faults (228)
vector[62] detects 1 faults (229)
vector[61] detects 2 faults (231)
vector[60] detects 3 faults (234)
vector[59] detects 3 faults (237)
vector[58] detects 2 faults (239)
vector[57] detects 10 faults (249)
vector[56] detects 9 faults (258)
vector[55] detects 9 faults (267)
vector[54] detects 9 faults (276)
vector[53] detects 1 faults (277)
vector[52] detects 1 faults (278)
vector[51] detects 1 faults (279)
vector[50] detects 1 faults (280)
vector[49] detects 0 faults (280)
vector[48] detects 2 faults (282)
vector[47] detects 1 faults (283)
vector[46] detects 2 faults (285)
vector[45] detects 1 faults (286)
vector[44] detects 3 faults (289)
vector[43] detects 0 faults (289)
vector[42] detects 2 faults (291)
vector[41] detects 0 faults (291)
vector[40] detects 2 faults (293)
vector[39] detects 1 faults (294)
vector[38] detects 2 faults (296)
vector[37] detects 1 faults (297)
vector[36] detects 3 faults (300)
vector[35] detects 7 faults (307)
vector[34] detects 1 faults (308)
vector[33] detects 1 faults (309)
vector[32] detects 3 faults (312)
vector[31] detects 226 faults (538)
vector[30] detects 1 faults (539)
vector[29] detects 1 faults (540)
vector[28] detects 1 faults (541)
vector[27] detects 3 faults (544)
vector[26] detects 1 faults (545)
vector[25] detects 0 faults (545)
vector[24] detects 59 faults (604)
vector[23] detects 1 faults (605)
vector[22] detects 29 faults (634)
vector[21] detects 0 faults (634)
vector[20] detects 13 faults (647)
vector[19] detects 0 faults (647)
vector[18] detects 1 faults (648)
vector[17] detects 59 faults (707)
vector[16] detects 2 faults (709)
vector[15] detects 10 faults (719)
vector[14] detects 175 faults (894)
vector[13] detects 59 faults (953)
vector[12] detects 1 faults (954)
vector[11] detects 22 faults (976)
vector[10] detects 25 faults (1001)
vector[9] detects 2 faults (1003)
vector[8] detects 0 faults (1003)
vector[7] detects 5 faults (1008)
vector[6] detects 15 faults (1023)
vector[5] detects 5 faults (1028)
vector[4] detects 0 faults (1028)
vector[3] detects 0 faults (1028)
vector[2] detects 7 faults (1035)
vector[1] detects 0 faults (1035)
vector[0] detects 0 faults (1035)

# Result:
-----------------------
# total transition delay faults: 2726
# total detected faults: 1035
# fault coverage: 37.967718 %

#FAULT COVERAGE RESULTS :
#number of test vectors = 74
#total number of gate faults (uncollapsed) = 2726
#total number of detected faults = 1035
#total gate fault coverage = 37.97%
#number of equivalent gate faults (collapsed) = 2726
#number of equivalent detected faults = 1035
#equivalent gate fault coverage = 37.97%

#atpg: cputime for test pattern generation ../sample_circuits/c1355.ckt: 0.0s 0.0s

#Circuit Summary:
#---------------
#number of inputs = 233
#number of outputs = 140
#number of gates = 1785
#number of wires = 2018
Read vectors
#atpg: cputime for reading in circuit ../sample_circuits/c2670.ckt: 0.0s 0.0s
#atpg: cputime for levelling circuit ../sample_circuits/c2670.ckt: 0.0s 0.0s
#atpg: cputime for rearranging gate inputs ../sample_circuits/c2670.ckt: 0.0s 0.0s
#atpg: cputime for creating dummy nodes ../sample_circuits/c2670.ckt: 0.0s 0.0s
#atpg: cputime for generating fault list ../sample_circuits/c2670.ckt: 0.0s 0.0s
vector[306] detects 599 faults (599)
vector[305] detects 91 faults (690)
vector[304] detects 378 faults (1068)
vector[303] detects 353 faults (1421)
vector[302] detects 200 faults (1621)
vector[301] detects 254 faults (1875)
vector[300] detects 241 faults (2116)
vector[299] detects 146 faults (2262)
vector[298] detects 99 faults (2361)
vector[297] detects 122 faults (2483)
vector[296] detects 269 faults (2752)
vector[295] detects 136 faults (2888)
vector[294] detects 86 faults (2974)
vector[293] detects 119 faults (3093)
vector[292] detects 58 faults (3151)
vector[291] detects 119 faults (3270)
vector[290] detects 21 faults (3291)
vector[289] detects 133 faults (3424)
vector[288] detects 57 faults (3481)
vector[287] detects 50 faults (3531)
vector[286] detects 42 faults (3573)
vector[285] detects 40 faults (3613)
vector[284] detects 27 faults (3640)
vector[283] detects 19 faults (3659)
vector[282] detects 35 faults (3694)
vector[281] detects 32 faults (3726)
vector[280] detects 110 faults (3836)
vector[279] detects 44 faults (3880)
vector[278] detects 138 faults (4018)
vector[277] detects 126 faults (4144)
vector[276] detects 66 faults (4210)
vector[275] detects 62 faults (4272)
vector[274] detects 47 faults (4319)
vector[273] detects 42 faults (4361)
vector[272] detects 127 faults (4488)
vector[271] detects 48 faults (4536)
vector[270] detects 27 faults (4563)
vector[269] detects 31 faults (4594)
vector[268] detects 58 faults (4652)
vector[267] detects 83 faults (4735)
vector[266] detects 7 faults (4742)
vector[265] detects 8 faults (4750)
vector[264] detects 36 faults (4786)
vector[263] detects 20 faults (4806)
vector[262] detects 23 faults (4829)
vector[261] detects 1 faults (4830)
vector[260] detects 29 faults (4859)
vector[259] detects 65 faults (4924)
vector[258] detects 41 faults (4965)
vector[257] detects 18 faults (4983)
vector[256] detects 0 faults (4983)
vector[255] detects 52 faults (5035)
vector[254] detects 22 faults (5057)
vector[253] detects 32 faults (5089)
vector[252] detects 25 faults (5114)
vector[251] detects 26 faults (5140)
vector[250] detects 6 faults (5146)
vector[249] detects 22 faults (5168)
vector[248] detects 10 faults (5178)
vector[247] detects 50 faults (5228)
vector[246] detects 94 faults (5322)
vector[245] detects 28 faults (5350)
vector[244] detects 9 faults (5359)
vector[243] detects 16 faults (5375)
vector[242] detects 8 faults (5383)
vector[241] detects 22 faults (5405)
vector[240] detects 14 faults (5419)
vector[239] detects 18 faults (5437)
vector[238] detects 6 faults (5443)
vector[237] detects 18 faults (5461)
vector[236] detects 3 faults (5464)
vector[235] detects 0 faults (5464)
vector[234] detects 2 faults (5466)
vector[233] detects 10 faults (5476)
vector[232] detects 2 faults (5478)
vector[231] detects 7 faults (5485)
vector[230] detects 16 faults (5501)
vector[229] detects 2 faults (5503)
vector[228] detects 7 faults (5510)
vector[227] detects 3 faults (5513)
vector[226] detects 2 faults (5515)
vector[225] detects 14 faults (5529)
vector[224] detects 2 faults (5531)
vector[223] detects 3 faults (5534)
vector[222] detects 4 faults (5538)
vector[221] detects 3 faults (5541)
vector[220] detects 46 faults (5587)
vector[219] detects 8 faults (5595)
vector[218] detects 9 faults (5604)
vector[217] detects 3 faults (5607)
vector[216] detects 9 faults (5616)
vector[215] detects 16 faults (5632)
vector[214] detects 9 faults (5641)
vector[213] detects 1 faults (5642)
vector[212] detects 12 faults (5654)
vector[211] detects 3 faults (5657)
vector[210] detects 20 faults (5677)
vector[209] detects 6 faults (5683)
vector[208] detects 0 faults (5683)
vector[207] detects 3 faults (5686)
vector[206] detects 0 faults (5686)
vector[205] detects 6 faults (5692)
vector[204] detects 10 faults (5702)
vector[203] detects 7 faults (5709)
vector[202] detects 16 faults (5725)
vector[201] detects 0 faults (5725)
vector[200] detects 3 faults (5728)
vector[199] detects 4 faults (5732)
vector[198] detects 0 faults (5732)
vector[197] detects 2 faults (5734)
vector[196] detects 13 faults (5747)
vector[195] detects 10 faults (5757)
vector[194] detects 7 faults (5764)
vector[193] detects 2 faults (5766)
vector[192] detects 4 faults (5770)
vector[191] detects 7 faults (5777)
vector[190] detects 4 faults (5781)
vector[189] detects 6 faults (5787)
vector[188] detects 7 faults (5794)
vector[187] detects 4 faults (5798)
vector[186] detects 1 faults (5799)
vector[185] detects 1 faults (5800)
vector[184] detects 7 faults (5807)
vector[183] detects 30 faults (5837)
vector[182] detects 6 faults (5843)
vector[181] detects 13 faults (5856)
vector[180] detects 12 faults (5868)
vector[179] detects 0 faults (5868)
vector[178] detects 3 faults (5871)
vector[177] detects 2 faults (5873)
vector[176] detects 11 faults (5884)
vector[175] detects 2 faults (5886)
vector[174] detects 12 faults (5898)
vector[173] detects 0 faults (5898)
vector[172] detects 0 faults (5898)
vector[171] detects 2 faults (5900)
vector[170] detects 0 faults (5900)
vector[169] detects 18 faults (5918)
vector[168] detects 2 faults (5920)
vector[167] detects 0 faults (5920)
vector[166] detects 1 faults (5921)
vector[165] detects 8 faults (5929)
vector[164] detects 0 faults (5929)
vector[163] detects 2 faults (5931)
vector[162] detects 4 faults (5935)
vector[161] detects 4 faults (5939)
vector[160] detects 4 faults (5943)
vector[159] detects 6 faults (5949)
vector[158] detects 0 faults (5949)
vector[157] detects 1 faults (5950)
vector[156] detects 2 faults (5952)
vector[155] detects 0 faults (5952)
vector[154] detects 6 faults (5958)
vector[153] detects 2 faults (5960)
vector[152] detects 2 faults (5962)
vector[151] detects 0 faults (5962)
vector[150] detects 0 faults (5962)
vector[149] detects 2 faults (5964)
vector[148] detects 3 faults (5967)
vector[147] detects 3 faults (5970)
vector[146] detects 2 faults (5972)
vector[145] detects 4 faults (5976)
vector[144] detects 3 faults (5979)
vector[143] detects 0 faults (5979)
vector[142] detects 2 faults (5981)
vector[141] detects 0 faults (5981)
vector[140] detects 0 faults (5981)
vector[139] detects 8 faults (5989)
vector[138] detects 0 faults (5989)
vector[137] detects 5 faults (5994)
vector[136] detects 0 faults (5994)
vector[135] detects 6 faults (6000)
vector[134] detects 8 faults (6008)
vector[133] detects 12 faults (6020)
vector[132] detects 0 faults (6020)
vector[131] detects 4 faults (6024)
vector[130] detects 4 faults (6028)
vector[129] detects 0 faults (6028)
vector[128] detects 0 faults (6028)
vector[127] detects 2 faults (6030)
vector[126] detects 0 faults (6030)
vector[125] detects 18 faults (6048)
vector[124] detects 0 faults (6048)
vector[123] detects 4 faults (6052)
vector[122] detects 2 faults (6054)
vector[121] detects 0 faults (6054)
vector[120] detects 0 faults (6054)
vector[119] detects 0 faults (6054)
vector[118] detects 0 faults (6054)
vector[117] detects 0 faults (6054)
vector[116] detects 0 faults (6054)
vector[115] detects 0 faults (6054)
vector[114] detects 0 faults (6054)
vector[113] detects 2 faults (6056)
vector[112] detects 0 faults (6056)
vector[111] detects 0 faults (6056)
vector[110] detects 0 faults (6056)
vector[109] detects 0 faults (6056)
vector[108] detects 0 faults (6056)
vector[107] detects 0 faults (6056)
vector[106] detects 2 faults (6058)
vector[105] detects 2 faults (6060)
vector[104] detects 4 faults (6064)
vector[103] detects 0 faults (6064)
vector[102] detects 0 faults (6064)
vector[101] detects 0 faults (6064)
vector[100] detects 0 faults (6064)
vector[99] detects 0 faults (6064)
vector[98] detects 0 faults (6064)
vector[97] detects 0 faults (6064)
vector[96] detects 2 faults (6066)
vector[95] detects 0 faults (6066)
vector[94] detects 0 faults (6066)
vector[93] detects 0 faults (6066)
vector[92] detects 0 faults (6066)
vector[91] detects 0 faults (6066)
vector[90] detects 3 faults (6069)
vector[89] detects 3 faults (6072)
vector[88] detects 0 faults (6072)
vector[87] detects 0 faults (6072)
vector[86] detects 1 faults (6073)
vector[85] detects 4 faults (6077)
vector[84] detects 2 faults (6079)
vector[83] detects 2 faults (6081)
vector[82] detects 6 faults (6087)
vector[81] detects 0 faults (6087)
vector[80] detects 0 faults (6087)
vector[79] detects 1 faults (6088)
vector[78] detects 0 faults (6088)
vector[77] detects 4 faults (6092)
vector[76] detects 0 faults (6092)
vector[75] detects 2 faults (6094)
vector[74] detects 0 faults (6094)
vector[73] detects 0 faults (6094)
vector[72] detects 0 faults (6094)
vector[71] detects 0 faults (6094)
vector[70] detects 1 faults (6095)
vector[69] detects 0 faults (6095)
vector[68] detects 0 faults (6095)
vector[67] detects 0 faults (6095)
vector[66] detects 0 faults (6095)
vector[65] detects 0 faults (6095)
vector[64] detects 2 faults (6097)
vector[63] detects 1 faults (6098)
vector[62] detects 2 faults (6100)
vector[61] detects 0 faults (6100)
vector[60] detects 0 faults (6100)
vector[59] detects 2 faults (6102)
vector[58] detects 0 faults (6102)
vector[57] detects 0 faults (6102)
vector[56] detects 0 faults (6102)
vector[55] detects 0 faults (6102)
vector[54] detects 0 faults (6102)
vector[53] detects 0 faults (6102)
vector[52] detects 0 faults (6102)
vector[51] detects 0 faults (6102)
vector[50] detects 0 faults (6102)
vector[49] detects 0 faults (6102)
vector[48] detects 1 faults (6103)
vector[47] detects 0 faults (6103)
vector[46] detects 0 faults (6103)
vector[45] detects 0 faults (6103)
vector[44] detects 1 faults (6104)
vector[43] detects 0 faults (6104)
vector[42] detects 0 faults (6104)
vector[41] detects 0 faults (6104)
vector[40] detects 0 faults (6104)
vector[39] detects 0 faults (6104)
vector[38] detects 0 faults (6104)
vector[37] detects 0 faults (6104)
vector[36] detects 0 faults (6104)
vector[35] detects 0 faults (6104)
vector[34] detects 0 faults (6104)
vector[33] detects 0 faults (6104)
vector[32] detects 0 faults (6104)
vector[31] detects 0 faults (6104)
vector[30] detects 0 faults (6104)
vector[29] detects 0 faults (6104)
vector[28] detects 2 faults (6106)
vector[27] detects 0 faults (6106)
vector[26] detects 0 faults (6106)
vector[25] detects 2 faults (6108)
vector[24] detects 0 faults (6108)
vector[23] detects 2 faults (6110)
vector[22] detects 2 faults (6112)
vector[21] detects 0 faults (6112)
vector[20] detects 0 faults (6112)
vector[19] detects 0 faults (6112)
vector[18] detects 3 faults (6115)
vector[17] detects 7 faults (6122)
vector[16] detects 2 faults (6124)
vector[15] detects 1 faults (6125)
vector[14] detects 0 faults (6125)
vector[13] detects 0 faults (6125)
vector[12] detects 2 faults (6127)
vector[11] detects 0 faults (6127)
vector[10] detects 0 faults (6127)
vector[9] detects 2 faults (6129)
vector[8] detects 2 faults (6131)
vector[7] detects 0 faults (6131)
vector[6] detects 0 faults (6131)
vector[5] detects 0 faults (6131)
vector[4] detects 0 faults (6131)
vector[3] detects 0 faults (6131)
vector[2] detects 1 faults (6132)
vector[1] detects 1 faults (6133)
vector[0] detects 0 faults (6133)

# Result:
-----------------------
# total transition delay faults: 6520
# total detected faults: 6133
# fault coverage: 94.064417 %

#FAULT COVERAGE RESULTS :
#number of test vectors = 307
#total number of gate faults (uncollapsed) = 6520
#total number of detected faults = 6133
#total gate fault coverage = 94.06%
#number of equivalent gate faults (collapsed) = 5636
#number of equivalent detected faults = 5339
#equivalent gate fault coverage = 94.73%

#atpg: cputime for test pattern generation ../sample_circuits/c2670.ckt: 0.1s 0.1s

#Circuit Summary:
#---------------
#number of inputs = 50
#number of outputs = 22
#number of gates = 2082
#number of wires = 2132
Read vectors
#atpg: cputime for reading in circuit ../sample_circuits/c3540.ckt: 0.0s 0.0s
#atpg: cputime for levelling circuit ../sample_circuits/c3540.ckt: 0.0s 0.0s
#atpg: cputime for rearranging gate inputs ../sample_circuits/c3540.ckt: 0.0s 0.0s
#atpg: cputime for creating dummy nodes ../sample_circuits/c3540.ckt: 0.0s 0.0s
#atpg: cputime for generating fault list ../sample_circuits/c3540.ckt: 0.0s 0.0s
vector[154] detects 303 faults (303)
vector[153] detects 8 faults (311)
vector[152] detects 95 faults (406)
vector[151] detects 34 faults (440)
vector[150] detects 91 faults (531)
vector[149] detects 6 faults (537)
vector[148] detects 299 faults (836)
vector[147] detects 22 faults (858)
vector[146] detects 12 faults (870)
vector[145] detects 41 faults (911)
vector[144] detects 42 faults (953)
vector[143] detects 7 faults (960)
vector[142] detects 0 faults (960)
vector[141] detects 36 faults (996)
vector[140] detects 41 faults (1037)
vector[139] detects 0 faults (1037)
vector[138] detects 62 faults (1099)
vector[137] detects 40 faults (1139)
vector[136] detects 19 faults (1158)
vector[135] detects 0 faults (1158)
vector[134] detects 21 faults (1179)
vector[133] detects 29 faults (1208)
vector[132] detects 26 faults (1234)
vector[131] detects 14 faults (1248)
vector[130] detects 31 faults (1279)
vector[129] detects 0 faults (1279)
vector[128] detects 44 faults (1323)
vector[127] detects 13 faults (1336)
vector[126] detects 1 faults (1337)
vector[125] detects 0 faults (1337)
vector[124] detects 28 faults (1365)
vector[123] detects 20 faults (1385)
vector[122] detects 3 faults (1388)
vector[121] detects 6 faults (1394)
vector[120] detects 0 faults (1394)
vector[119] detects 6 faults (1400)
vector[118] detects 57 faults (1457)
vector[117] detects 1 faults (1458)
vector[116] detects 7 faults (1465)
vector[115] detects 4 faults (1469)
vector[114] detects 7 faults (1476)
vector[113] detects 14 faults (1490)
vector[112] detects 3 faults (1493)
vector[111] detects 6 faults (1499)
vector[110] detects 6 faults (1505)
vector[109] detects 19 faults (1524)
vector[108] detects 0 faults (1524)
vector[107] detects 4 faults (1528)
vector[106] detects 32 faults (1560)
vector[105] detects 16 faults (1576)
vector[104] detects 1 faults (1577)
vector[103] detects 0 faults (1577)
vector[102] detects 0 faults (1577)
vector[101] detects 8 faults (1585)
vector[100] detects 0 faults (1585)
vector[99] detects 4 faults (1589)
vector[98] detects 22 faults (1611)
vector[97] detects 0 faults (1611)
vector[96] detects 0 faults (1611)
vector[95] detects 12 faults (1623)
vector[94] detects 0 faults (1623)
vector[93] detects 0 faults (1623)
vector[92] detects 13 faults (1636)
vector[91] detects 0 faults (1636)
vector[90] detects 1 faults (1637)
vector[89] detects 7 faults (1644)
vector[88] detects 5 faults (1649)
vector[87] detects 0 faults (1649)
vector[86] detects 4 faults (1653)
vector[85] detects 6 faults (1659)
vector[84] detects 0 faults (1659)
vector[83] detects 0 faults (1659)
vector[82] detects 24 faults (1683)
vector[81] detects 0 faults (1683)
vector[80] detects 0 faults (1683)
vector[79] detects 3 faults (1686)
vector[78] detects 6 faults (1692)
vector[77] detects 0 faults (1692)
vector[76] detects 3 faults (1695)
vector[75] detects 0 faults (1695)
vector[74] detects 3 faults (1698)
vector[73] detects 0 faults (1698)
vector[72] detects 0 faults (1698)
vector[71] detects 0 faults (1698)
vector[70] detects 1 faults (1699)
vector[69] detects 1 faults (1700)
vector[68] detects 9 faults (1709)
vector[67] detects 1 faults (1710)
vector[66] detects 4 faults (1714)
vector[65] detects 3 faults (1717)
vector[64] detects 1 faults (1718)
vector[63] detects 0 faults (1718)
vector[62] detects 3 faults (1721)
vector[61] detects 2 faults (1723)
vector[60] detects 3 faults (1726)
vector[59] detects 1 faults (1727)
vector[58] detects 8 faults (1735)
vector[57] detects 0 faults (1735)
vector[56] detects 0 faults (1735)
vector[55] detects 2 faults (1737)
vector[54] detects 7 faults (1744)
vector[53] detects 4 faults (1748)
vector[52] detects 0 faults (1748)
vector[51] detects 0 faults (1748)
vector[50] detects 1 faults (1749)
vector[49] detects 0 faults (1749)
vector[48] detects 0 faults (1749)
vector[47] detects 0 faults (1749)
vector[46] detects 0 faults (1749)
vector[45] detects 5 faults (1754)
vector[44] detects 1 faults (1755)
vector[43] detects 0 faults (1755)
vector[42] detects 0 faults (1755)
vector[41] detects 0 faults (1755)
vector[40] detects 0 faults (1755)
vector[39] detects 4 faults (1759)
vector[38] detects 0 faults (1759)
vector[37] detects 0 faults (1759)
vector[36] detects 0 faults (1759)
vector[35] detects 37 faults (1796)
vector[34] detects 0 faults (1796)
vector[33] detects 0 faults (1796)
vector[32] detects 0 faults (1796)
vector[31] detects 0 faults (1796)
vector[30] detects 13 faults (1809)
vector[29] detects 0 faults (1809)
vector[28] detects 0 faults (1809)
vector[27] detects 3 faults (1812)
vector[26] detects 0 faults (1812)
vector[25] detects 0 faults (1812)
vector[24] detects 0 faults (1812)
vector[23] detects 0 faults (1812)
vector[22] detects 3 faults (1815)
vector[21] detects 0 faults (1815)
vector[20] detects 0 faults (1815)
vector[19] detects 0 faults (1815)
vector[18] detects 1 faults (1816)
vector[17] detects 0 faults (1816)
vector[16] detects 0 faults (1816)
vector[15] detects 4 faults (1820)
vector[14] detects 0 faults (1820)
vector[13] detects 0 faults (1820)
vector[12] detects 2 faults (1822)
vector[11] detects 0 faults (1822)
vector[10] detects 3 faults (1825)
vector[9] detects 0 faults (1825)
vector[8] detects 2 faults (1827)
vector[7] detects 2 faults (1829)
vector[6] detects 0 faults (1829)
vector[5] detects 6 faults (1835)
vector[4] detects 0 faults (1835)
vector[3] detects 0 faults (1835)
vector[2] detects 0 faults (1835)
vector[1] detects 5 faults (1840)
vector[0] detects 0 faults (1840)

# Result:
-----------------------
# total transition delay faults: 7910
# total detected faults: 1840
# fault coverage: 23.261694 %

#FAULT COVERAGE RESULTS :
#number of test vectors = 155
#total number of gate faults (uncollapsed) = 7910
#total number of detected faults = 1840
#total gate fault coverage = 23.26%
#number of equivalent gate faults (collapsed) = 7866
#number of equivalent detected faults = 1812
#equivalent gate fault coverage = 23.04%

#atpg: cputime for test pattern generation ../sample_circuits/c3540.ckt: 0.1s 0.1s

#Circuit Summary:
#---------------
#number of inputs = 32
#number of outputs = 32
#number of gates = 4800
#number of wires = 4832
Read vectors
#atpg: cputime for reading in circuit ../sample_circuits/c6288.ckt: 0.0s 0.0s
#atpg: cputime for levelling circuit ../sample_circuits/c6288.ckt: 0.1s 0.1s
#atpg: cputime for rearranging gate inputs ../sample_circuits/c6288.ckt: 0.0s 0.1s
#atpg: cputime for creating dummy nodes ../sample_circuits/c6288.ckt: 0.0s 0.1s
#atpg: cputime for generating fault list ../sample_circuits/c6288.ckt: 0.0s 0.1s
vector[145] detects 2892 faults (2892)
vector[144] detects 1969 faults (4861)
vector[143] detects 1963 faults (6824)
vector[142] detects 1101 faults (7925)
vector[141] detects 1172 faults (9097)
vector[140] detects 1133 faults (10230)
vector[139] detects 145 faults (10375)
vector[138] detects 1104 faults (11479)
vector[137] detects 673 faults (12152)
vector[136] detects 459 faults (12611)
vector[135] detects 620 faults (13231)
vector[134] detects 372 faults (13603)
vector[133] detects 490 faults (14093)
vector[132] detects 201 faults (14294)
vector[131] detects 287 faults (14581)
vector[130] detects 119 faults (14700)
vector[129] detects 211 faults (14911)
vector[128] detects 190 faults (15101)
vector[127] detects 183 faults (15284)
vector[126] detects 136 faults (15420)
vector[125] detects 168 faults (15588)
vector[124] detects 104 faults (15692)
vector[123] detects 95 faults (15787)
vector[122] detects 94 faults (15881)
vector[121] detects 49 faults (15930)
vector[120] detects 153 faults (16083)
vector[119] detects 47 faults (16130)
vector[118] detects 67 faults (16197)
vector[117] detects 31 faults (16228)
vector[116] detects 77 faults (16305)
vector[115] detects 35 faults (16340)
vector[114] detects 26 faults (16366)
vector[113] detects 33 faults (16399)
vector[112] detects 40 faults (16439)
vector[111] detects 19 faults (16458)
vector[110] detects 20 faults (16478)
vector[109] detects 10 faults (16488)
vector[108] detects 53 faults (16541)
vector[107] detects 66 faults (16607)
vector[106] detects 31 faults (16638)
vector[105] detects 43 faults (16681)
vector[104] detects 9 faults (16690)
vector[103] detects 10 faults (16700)
vector[102] detects 6 faults (16706)
vector[101] detects 6 faults (16712)
vector[100] detects 4 faults (16716)
vector[99] detects 3 faults (16719)
vector[98] detects 2 faults (16721)
vector[97] detects 0 faults (16721)
vector[96] detects 12 faults (16733)
vector[95] detects 6 faults (16739)
vector[94] detects 2 faults (16741)
vector[93] detects 5 faults (16746)
vector[92] detects 3 faults (16749)
vector[91] detects 29 faults (16778)
vector[90] detects 19 faults (16797)
vector[89] detects 18 faults (16815)
vector[88] detects 19 faults (16834)
vector[87] detects 1 faults (16835)
vector[86] detects 11 faults (16846)
vector[85] detects 7 faults (16853)
vector[84] detects 4 faults (16857)
vector[83] detects 8 faults (16865)
vector[82] detects 1 faults (16866)
vector[81] detects 7 faults (16873)
vector[80] detects 5 faults (16878)
vector[79] detects 6 faults (16884)
vector[78] detects 12 faults (16896)
vector[77] detects 1 faults (16897)
vector[76] detects 4 faults (16901)
vector[75] detects 0 faults (16901)
vector[74] detects 2 faults (16903)
vector[73] detects 5 faults (16908)
vector[72] detects 5 faults (16913)
vector[71] detects 1 faults (16914)
vector[70] detects 0 faults (16914)
vector[69] detects 1 faults (16915)
vector[68] detects 3 faults (16918)
vector[67] detects 1 faults (16919)
vector[66] detects 3 faults (16922)
vector[65] detects 2 faults (16924)
vector[64] detects 3 faults (16927)
vector[63] detects 3 faults (16930)
vector[62] detects 1 faults (16931)
vector[61] detects 1 faults (16932)
vector[60] detects 0 faults (16932)
vector[59] detects 0 faults (16932)
vector[58] detects 0 faults (16932)
vector[57] detects 3 faults (16935)
vector[56] detects 0 faults (16935)
vector[55] detects 0 faults (16935)
vector[54] detects 1 faults (16936)
vector[53] detects 2 faults (16938)
vector[52] detects 0 faults (16938)
vector[51] detects 0 faults (16938)
vector[50] detects 0 faults (16938)
vector[49] detects 0 faults (16938)
vector[48] detects 1 faults (16939)
vector[47] detects 0 faults (16939)
vector[46] detects 0 faults (16939)
vector[45] detects 1 faults (16940)
vector[44] detects 1 faults (16941)
vector[43] detects 0 faults (16941)
vector[42] detects 0 faults (16941)
vector[41] detects 0 faults (16941)
vector[40] detects 1 faults (16942)
vector[39] detects 0 faults (16942)
vector[38] detects 1 faults (16943)
vector[37] detects 2 faults (16945)
vector[36] detects 1 faults (16946)
vector[35] detects 0 faults (16946)
vector[34] detects 0 faults (16946)
vector[33] detects 0 faults (16946)
vector[32] detects 0 faults (16946)
vector[31] detects 0 faults (16946)
vector[30] detects 1 faults (16947)
vector[29] detects 3 faults (16950)
vector[28] detects 2 faults (16952)
vector[27] detects 0 faults (16952)
vector[26] detects 0 faults (16952)
vector[25] detects 0 faults (16952)
vector[24] detects 0 faults (16952)
vector[23] detects 2 faults (16954)
vector[22] detects 4 faults (16958)
vector[21] detects 1 faults (16959)
vector[20] detects 1 faults (16960)
vector[19] detects 0 faults (16960)
vector[18] detects 0 faults (16960)
vector[17] detects 0 faults (16960)
vector[16] detects 0 faults (16960)
vector[15] detects 0 faults (16960)
vector[14] detects 0 faults (16960)
vector[13] detects 0 faults (16960)
vector[12] detects 0 faults (16960)
vector[11] detects 2 faults (16962)
vector[10] detects 0 faults (16962)
vector[9] detects 0 faults (16962)
vector[8] detects 1 faults (16963)
vector[7] detects 0 faults (16963)
vector[6] detects 1 faults (16964)
vector[5] detects 2 faults (16966)
vector[4] detects 0 faults (16966)
vector[3] detects 2 faults (16968)
vector[2] detects 1 faults (16969)
vector[1] detects 0 faults (16969)
vector[0] detects 0 faults (16969)

# Result:
-----------------------
# total transition delay faults: 17376
# total detected faults: 16969
# fault coverage: 97.657689 %

#FAULT COVERAGE RESULTS :
#number of test vectors = 146
#total number of gate faults (uncollapsed) = 17376
#total number of detected faults = 16969
#total gate fault coverage = 97.66%
#number of equivalent gate faults (collapsed) = 17312
#number of equivalent detected faults = 16922
#equivalent gate fault coverage = 97.75%

#atpg: cputime for test pattern generation ../sample_circuits/c6288.ckt: 0.2s 0.3s

#Circuit Summary:
#---------------
#number of inputs = 207
#number of outputs = 108
#number of gates = 5679
#number of wires = 5886
Read vectors
#atpg: cputime for reading in circuit ../sample_circuits/c7552.ckt: 0.0s 0.0s
#atpg: cputime for levelling circuit ../sample_circuits/c7552.ckt: 0.1s 0.1s
#atpg: cputime for rearranging gate inputs ../sample_circuits/c7552.ckt: 0.0s 0.1s
#atpg: cputime for creating dummy nodes ../sample_circuits/c7552.ckt: 0.0s 0.1s
#atpg: cputime for generating fault list ../sample_circuits/c7552.ckt: 0.0s 0.1s
vector[568] detects 1126 faults (1126)
vector[567] detects 404 faults (1530)
vector[566] detects 171 faults (1701)
vector[565] detects 530 faults (2231)
vector[564] detects 569 faults (2800)
vector[563] detects 1320 faults (4120)
vector[562] detects 1148 faults (5268)
vector[561] detects 94 faults (5362)
vector[560] detects 635 faults (5997)
vector[559] detects 871 faults (6868)
vector[558] detects 702 faults (7570)
vector[557] detects 459 faults (8029)
vector[556] detects 510 faults (8539)
vector[555] detects 391 faults (8930)
vector[554] detects 366 faults (9296)
vector[553] detects 408 faults (9704)
vector[552] detects 233 faults (9937)
vector[551] detects 413 faults (10350)
vector[550] detects 284 faults (10634)
vector[549] detects 364 faults (10998)
vector[548] detects 104 faults (11102)
vector[547] detects 293 faults (11395)
vector[546] detects 196 faults (11591)
vector[545] detects 40 faults (11631)
vector[544] detects 181 faults (11812)
vector[543] detects 145 faults (11957)
vector[542] detects 153 faults (12110)
vector[541] detects 207 faults (12317)
vector[540] detects 96 faults (12413)
vector[539] detects 113 faults (12526)
vector[538] detects 302 faults (12828)
vector[537] detects 289 faults (13117)
vector[536] detects 62 faults (13179)
vector[535] detects 62 faults (13241)
vector[534] detects 101 faults (13342)
vector[533] detects 241 faults (13583)
vector[532] detects 296 faults (13879)
vector[531] detects 37 faults (13916)
vector[530] detects 106 faults (14022)
vector[529] detects 42 faults (14064)
vector[528] detects 26 faults (14090)
vector[527] detects 92 faults (14182)
vector[526] detects 133 faults (14315)
vector[525] detects 124 faults (14439)
vector[524] detects 117 faults (14556)
vector[523] detects 46 faults (14602)
vector[522] detects 62 faults (14664)
vector[521] detects 104 faults (14768)
vector[520] detects 51 faults (14819)
vector[519] detects 15 faults (14834)
vector[518] detects 120 faults (14954)
vector[517] detects 90 faults (15044)
vector[516] detects 139 faults (15183)
vector[515] detects 56 faults (15239)
vector[514] detects 32 faults (15271)
vector[513] detects 59 faults (15330)
vector[512] detects 33 faults (15363)
vector[511] detects 44 faults (15407)
vector[510] detects 32 faults (15439)
vector[509] detects 36 faults (15475)
vector[508] detects 28 faults (15503)
vector[507] detects 57 faults (15560)
vector[506] detects 38 faults (15598)
vector[505] detects 23 faults (15621)
vector[504] detects 37 faults (15658)
vector[503] detects 6 faults (15664)
vector[502] detects 38 faults (15702)
vector[501] detects 8 faults (15710)
vector[500] detects 17 faults (15727)
vector[499] detects 81 faults (15808)
vector[498] detects 76 faults (15884)
vector[497] detects 87 faults (15971)
vector[496] detects 16 faults (15987)
vector[495] detects 29 faults (16016)
vector[494] detects 1 faults (16017)
vector[493] detects 25 faults (16042)
vector[492] detects 27 faults (16069)
vector[491] detects 24 faults (16093)
vector[490] detects 26 faults (16119)
vector[489] detects 24 faults (16143)
vector[488] detects 30 faults (16173)
vector[487] detects 16 faults (16189)
vector[486] detects 44 faults (16233)
vector[485] detects 122 faults (16355)
vector[484] detects 15 faults (16370)
vector[483] detects 29 faults (16399)
vector[482] detects 22 faults (16421)
vector[481] detects 33 faults (16454)
vector[480] detects 68 faults (16522)
vector[479] detects 108 faults (16630)
vector[478] detects 4 faults (16634)
vector[477] detects 41 faults (16675)
vector[476] detects 3 faults (16678)
vector[475] detects 0 faults (16678)
vector[474] detects 0 faults (16678)
vector[473] detects 65 faults (16743)
vector[472] detects 142 faults (16885)
vector[471] detects 3 faults (16888)
vector[470] detects 29 faults (16917)
vector[469] detects 33 faults (16950)
vector[468] detects 45 faults (16995)
vector[467] detects 38 faults (17033)
vector[466] detects 25 faults (17058)
vector[465] detects 55 faults (17113)
vector[464] detects 8 faults (17121)
vector[463] detects 23 faults (17144)
vector[462] detects 5 faults (17149)
vector[461] detects 13 faults (17162)
vector[460] detects 4 faults (17166)
vector[459] detects 25 faults (17191)
vector[458] detects 44 faults (17235)
vector[457] detects 13 faults (17248)
vector[456] detects 18 faults (17266)
vector[455] detects 34 faults (17300)
vector[454] detects 13 faults (17313)
vector[453] detects 10 faults (17323)
vector[452] detects 25 faults (17348)
vector[451] detects 21 faults (17369)
vector[450] detects 3 faults (17372)
vector[449] detects 28 faults (17400)
vector[448] detects 23 faults (17423)
vector[447] detects 1 faults (17424)
vector[446] detects 23 faults (17447)
vector[445] detects 10 faults (17457)
vector[444] detects 2 faults (17459)
vector[443] detects 9 faults (17468)
vector[442] detects 20 faults (17488)
vector[441] detects 5 faults (17493)
vector[440] detects 4 faults (17497)
vector[439] detects 4 faults (17501)
vector[438] detects 0 faults (17501)
vector[437] detects 10 faults (17511)
vector[436] detects 6 faults (17517)
vector[435] detects 21 faults (17538)
vector[434] detects 11 faults (17549)
vector[433] detects 32 faults (17581)
vector[432] detects 21 faults (17602)
vector[431] detects 7 faults (17609)
vector[430] detects 14 faults (17623)
vector[429] detects 0 faults (17623)
vector[428] detects 33 faults (17656)
vector[427] detects 4 faults (17660)
vector[426] detects 4 faults (17664)
vector[425] detects 1 faults (17665)
vector[424] detects 0 faults (17665)
vector[423] detects 51 faults (17716)
vector[422] detects 18 faults (17734)
vector[421] detects 15 faults (17749)
vector[420] detects 10 faults (17759)
vector[419] detects 0 faults (17759)
vector[418] detects 25 faults (17784)
vector[417] detects 9 faults (17793)
vector[416] detects 12 faults (17805)
vector[415] detects 7 faults (17812)
vector[414] detects 8 faults (17820)
vector[413] detects 1 faults (17821)
vector[412] detects 8 faults (17829)
vector[411] detects 15 faults (17844)
vector[410] detects 4 faults (17848)
vector[409] detects 12 faults (17860)
vector[408] detects 5 faults (17865)
vector[407] detects 6 faults (17871)
vector[406] detects 8 faults (17879)
vector[405] detects 4 faults (17883)
vector[404] detects 10 faults (17893)
vector[403] detects 4 faults (17897)
vector[402] detects 5 faults (17902)
vector[401] detects 68 faults (17970)
vector[400] detects 7 faults (17977)
vector[399] detects 13 faults (17990)
vector[398] detects 15 faults (18005)
vector[397] detects 7 faults (18012)
vector[396] detects 17 faults (18029)
vector[395] detects 13 faults (18042)
vector[394] detects 10 faults (18052)
vector[393] detects 6 faults (18058)
vector[392] detects 4 faults (18062)
vector[391] detects 11 faults (18073)
vector[390] detects 4 faults (18077)
vector[389] detects 26 faults (18103)
vector[388] detects 5 faults (18108)
vector[387] detects 4 faults (18112)
vector[386] detects 7 faults (18119)
vector[385] detects 22 faults (18141)
vector[384] detects 17 faults (18158)
vector[383] detects 4 faults (18162)
vector[382] detects 4 faults (18166)
vector[381] detects 0 faults (18166)
vector[380] detects 11 faults (18177)
vector[379] detects 10 faults (18187)
vector[378] detects 7 faults (18194)
vector[377] detects 2 faults (18196)
vector[376] detects 6 faults (18202)
vector[375] detects 18 faults (18220)
vector[374] detects 15 faults (18235)
vector[373] detects 4 faults (18239)
vector[372] detects 7 faults (18246)
vector[371] detects 7 faults (18253)
vector[370] detects 19 faults (18272)
vector[369] detects 3 faults (18275)
vector[368] detects 2 faults (18277)
vector[367] detects 1 faults (18278)
vector[366] detects 3 faults (18281)
vector[365] detects 4 faults (18285)
vector[364] detects 6 faults (18291)
vector[363] detects 6 faults (18297)
vector[362] detects 0 faults (18297)
vector[361] detects 1 faults (18298)
vector[360] detects 3 faults (18301)
vector[359] detects 1 faults (18302)
vector[358] detects 16 faults (18318)
vector[357] detects 15 faults (18333)
vector[356] detects 7 faults (18340)
vector[355] detects 3 faults (18343)
vector[354] detects 6 faults (18349)
vector[353] detects 12 faults (18361)
vector[352] detects 2 faults (18363)
vector[351] detects 2 faults (18365)
vector[350] detects 2 faults (18367)
vector[349] detects 3 faults (18370)
vector[348] detects 3 faults (18373)
vector[347] detects 4 faults (18377)
vector[346] detects 1 faults (18378)
vector[345] detects 3 faults (18381)
vector[344] detects 5 faults (18386)
vector[343] detects 2 faults (18388)
vector[342] detects 5 faults (18393)
vector[341] detects 1 faults (18394)
vector[340] detects 11 faults (18405)
vector[339] detects 4 faults (18409)
vector[338] detects 8 faults (18417)
vector[337] detects 7 faults (18424)
vector[336] detects 3 faults (18427)
vector[335] detects 4 faults (18431)
vector[334] detects 17 faults (18448)
vector[333] detects 12 faults (18460)
vector[332] detects 4 faults (18464)
vector[331] detects 7 faults (18471)
vector[330] detects 1 faults (18472)
vector[329] detects 4 faults (18476)
vector[328] detects 0 faults (18476)
vector[327] detects 4 faults (18480)
vector[326] detects 4 faults (18484)
vector[325] detects 2 faults (18486)
vector[324] detects 4 faults (18490)
vector[323] detects 1 faults (18491)
vector[322] detects 11 faults (18502)
vector[321] detects 4 faults (18506)
vector[320] detects 3 faults (18509)
vector[319] detects 10 faults (18519)
vector[318] detects 18 faults (18537)
vector[317] detects 3 faults (18540)
vector[316] detects 0 faults (18540)
vector[315] detects 5 faults (18545)
vector[314] detects 10 faults (18555)
vector[313] detects 9 faults (18564)
vector[312] detects 10 faults (18574)
vector[311] detects 0 faults (18574)
vector[310] detects 9 faults (18583)
vector[309] detects 4 faults (18587)
vector[308] detects 0 faults (18587)
vector[307] detects 5 faults (18592)
vector[306] detects 0 faults (18592)
vector[305] detects 0 faults (18592)
vector[304] detects 9 faults (18601)
vector[303] detects 0 faults (18601)
vector[302] detects 14 faults (18615)
vector[301] detects 5 faults (18620)
vector[300] detects 6 faults (18626)
vector[299] detects 2 faults (18628)
vector[298] detects 2 faults (18630)
vector[297] detects 0 faults (18630)
vector[296] detects 1 faults (18631)
vector[295] detects 0 faults (18631)
vector[294] detects 7 faults (18638)
vector[293] detects 4 faults (18642)
vector[292] detects 2 faults (18644)
vector[291] detects 1 faults (18645)
vector[290] detects 9 faults (18654)
vector[289] detects 5 faults (18659)
vector[288] detects 0 faults (18659)
vector[287] detects 0 faults (18659)
vector[286] detects 0 faults (18659)
vector[285] detects 14 faults (18673)
vector[284] detects 4 faults (18677)
vector[283] detects 1 faults (18678)
vector[282] detects 3 faults (18681)
vector[281] detects 5 faults (18686)
vector[280] detects 0 faults (18686)
vector[279] detects 0 faults (18686)
vector[278] detects 4 faults (18690)
vector[277] detects 0 faults (18690)
vector[276] detects 0 faults (18690)
vector[275] detects 1 faults (18691)
vector[274] detects 7 faults (18698)
vector[273] detects 1 faults (18699)
vector[272] detects 4 faults (18703)
vector[271] detects 1 faults (18704)
vector[270] detects 3 faults (18707)
vector[269] detects 3 faults (18710)
vector[268] detects 5 faults (18715)
vector[267] detects 13 faults (18728)
vector[266] detects 1 faults (18729)
vector[265] detects 0 faults (18729)
vector[264] detects 0 faults (18729)
vector[263] detects 2 faults (18731)
vector[262] detects 13 faults (18744)
vector[261] detects 3 faults (18747)
vector[260] detects 0 faults (18747)
vector[259] detects 0 faults (18747)
vector[258] detects 1 faults (18748)
vector[257] detects 0 faults (18748)
vector[256] detects 0 faults (18748)
vector[255] detects 7 faults (18755)
vector[254] detects 1 faults (18756)
vector[253] detects 6 faults (18762)
vector[252] detects 0 faults (18762)
vector[251] detects 0 faults (18762)
vector[250] detects 4 faults (18766)
vector[249] detects 3 faults (18769)
vector[248] detects 0 faults (18769)
vector[247] detects 1 faults (18770)
vector[246] detects 0 faults (18770)
vector[245] detects 1 faults (18771)
vector[244] detects 0 faults (18771)
vector[243] detects 1 faults (18772)
vector[242] detects 0 faults (18772)
vector[241] detects 0 faults (18772)
vector[240] detects 10 faults (18782)
vector[239] detects 2 faults (18784)
vector[238] detects 1 faults (18785)
vector[237] detects 2 faults (18787)
vector[236] detects 3 faults (18790)
vector[235] detects 3 faults (18793)
vector[234] detects 1 faults (18794)
vector[233] detects 2 faults (18796)
vector[232] detects 5 faults (18801)
vector[231] detects 13 faults (18814)
vector[230] detects 0 faults (18814)
vector[229] detects 0 faults (18814)
vector[228] detects 2 faults (18816)
vector[227] detects 1 faults (18817)
vector[226] detects 1 faults (18818)
vector[225] detects 0 faults (18818)
vector[224] detects 0 faults (18818)
vector[223] detects 0 faults (18818)
vector[222] detects 0 faults (18818)
vector[221] detects 1 faults (18819)
vector[220] detects 3 faults (18822)
vector[219] detects 0 faults (18822)
vector[218] detects 0 faults (18822)
vector[217] detects 0 faults (18822)
vector[216] detects 0 faults (18822)
vector[215] detects 0 faults (18822)
vector[214] detects 0 faults (18822)
vector[213] detects 3 faults (18825)
vector[212] detects 0 faults (18825)
vector[211] detects 6 faults (18831)
vector[210] detects 3 faults (18834)
vector[209] detects 4 faults (18838)
vector[208] detects 1 faults (18839)
vector[207] detects 5 faults (18844)
vector[206] detects 6 faults (18850)
vector[205] detects 3 faults (18853)
vector[204] detects 3 faults (18856)
vector[203] detects 6 faults (18862)
vector[202] detects 5 faults (18867)
vector[201] detects 9 faults (18876)
vector[200] detects 4 faults (18880)
vector[199] detects 0 faults (18880)
vector[198] detects 3 faults (18883)
vector[197] detects 4 faults (18887)
vector[196] detects 1 faults (18888)
vector[195] detects 7 faults (18895)
vector[194] detects 0 faults (18895)
vector[193] detects 1 faults (18896)
vector[192] detects 2 faults (18898)
vector[191] detects 0 faults (18898)
vector[190] detects 7 faults (18905)
vector[189] detects 0 faults (18905)
vector[188] detects 0 faults (18905)
vector[187] detects 9 faults (18914)
vector[186] detects 0 faults (18914)
vector[185] detects 5 faults (18919)
vector[184] detects 12 faults (18931)
vector[183] detects 1 faults (18932)
vector[182] detects 0 faults (18932)
vector[181] detects 9 faults (18941)
vector[180] detects 1 faults (18942)
vector[179] detects 0 faults (18942)
vector[178] detects 10 faults (18952)
vector[177] detects 1 faults (18953)
vector[176] detects 0 faults (18953)
vector[175] detects 1 faults (18954)
vector[174] detects 1 faults (18955)
vector[173] detects 0 faults (18955)
vector[172] detects 5 faults (18960)
vector[171] detects 0 faults (18960)
vector[170] detects 0 faults (18960)
vector[169] detects 5 faults (18965)
vector[168] detects 2 faults (18967)
vector[167] detects 1 faults (18968)
vector[166] detects 7 faults (18975)
vector[165] detects 0 faults (18975)
vector[164] detects 1 faults (18976)
vector[163] detects 0 faults (18976)
vector[162] detects 2 faults (18978)
vector[161] detects 3 faults (18981)
vector[160] detects 0 faults (18981)
vector[159] detects 0 faults (18981)
vector[158] detects 2 faults (18983)
vector[157] detects 2 faults (18985)
vector[156] detects 1 faults (18986)
vector[155] detects 0 faults (18986)
vector[154] detects 2 faults (18988)
vector[153] detects 0 faults (18988)
vector[152] detects 0 faults (18988)
vector[151] detects 1 faults (18989)
vector[150] detects 0 faults (18989)
vector[149] detects 2 faults (18991)
vector[148] detects 6 faults (18997)
vector[147] detects 0 faults (18997)
vector[146] detects 0 faults (18997)
vector[145] detects 0 faults (18997)
vector[144] detects 4 faults (19001)
vector[143] detects 0 faults (19001)
vector[142] detects 0 faults (19001)
vector[141] detects 0 faults (19001)
vector[140] detects 0 faults (19001)
vector[139] detects 3 faults (19004)
vector[138] detects 0 faults (19004)
vector[137] detects 0 faults (19004)
vector[136] detects 2 faults (19006)
vector[135] detects 0 faults (19006)
vector[134] detects 0 faults (19006)
vector[133] detects 2 faults (19008)
vector[132] detects 3 faults (19011)
vector[131] detects 0 faults (19011)
vector[130] detects 0 faults (19011)
vector[129] detects 0 faults (19011)
vector[128] detects 4 faults (19015)
vector[127] detects 0 faults (19015)
vector[126] detects 2 faults (19017)
vector[125] detects 0 faults (19017)
vector[124] detects 1 faults (19018)
vector[123] detects 0 faults (19018)
vector[122] detects 0 faults (19018)
vector[121] detects 1 faults (19019)
vector[120] detects 0 faults (19019)
vector[119] detects 0 faults (19019)
vector[118] detects 0 faults (19019)
vector[117] detects 0 faults (19019)
vector[116] detects 12 faults (19031)
vector[115] detects 0 faults (19031)
vector[114] detects 4 faults (19035)
vector[113] detects 0 faults (19035)
vector[112] detects 0 faults (19035)
vector[111] detects 0 faults (19035)
vector[110] detects 1 faults (19036)
vector[109] detects 0 faults (19036)
vector[108] detects 0 faults (19036)
vector[107] detects 0 faults (19036)
vector[106] detects 0 faults (19036)
vector[105] detects 2 faults (19038)
vector[104] detects 0 faults (19038)
vector[103] detects 13 faults (19051)
vector[102] detects 2 faults (19053)
vector[101] detects 6 faults (19059)
vector[100] detects 0 faults (19059)
vector[99] detects 0 faults (19059)
vector[98] detects 0 faults (19059)
vector[97] detects 0 faults (19059)
vector[96] detects 0 faults (19059)
vector[95] detects 1 faults (19060)
vector[94] detects 1 faults (19061)
vector[93] detects 3 faults (19064)
vector[92] detects 0 faults (19064)
vector[91] detects 0 faults (19064)
vector[90] detects 0 faults (19064)
vector[89] detects 0 faults (19064)
vector[88] detects 2 faults (19066)
vector[87] detects 0 faults (19066)
vector[86] detects 0 faults (19066)
vector[85] detects 0 faults (19066)
vector[84] detects 0 faults (19066)
vector[83] detects 0 faults (19066)
vector[82] detects 0 faults (19066)
vector[81] detects 0 faults (19066)
vector[80] detects 0 faults (19066)
vector[79] detects 0 faults (19066)
vector[78] detects 0 faults (19066)
vector[77] detects 3 faults (19069)
vector[76] detects 0 faults (19069)
vector[75] detects 0 faults (19069)
vector[74] detects 2 faults (19071)
vector[73] detects 0 faults (19071)
vector[72] detects 0 faults (19071)
vector[71] detects 0 faults (19071)
vector[70] detects 2 faults (19073)
vector[69] detects 2 faults (19075)
vector[68] detects 0 faults (19075)
vector[67] detects 0 faults (19075)
vector[66] detects 0 faults (19075)
vector[65] detects 0 faults (19075)
vector[64] detects 1 faults (19076)
vector[63] detects 0 faults (19076)
vector[62] detects 0 faults (19076)
vector[61] detects 0 faults (19076)
vector[60] detects 0 faults (19076)
vector[59] detects 1 faults (19077)
vector[58] detects 0 faults (19077)
vector[57] detects 0 faults (19077)
vector[56] detects 2 faults (19079)
vector[55] detects 1 faults (19080)
vector[54] detects 0 faults (19080)
vector[53] detects 4 faults (19084)
vector[52] detects 0 faults (19084)
vector[51] detects 0 faults (19084)
vector[50] detects 1 faults (19085)
vector[49] detects 0 faults (19085)
vector[48] detects 0 faults (19085)
vector[47] detects 0 faults (19085)
vector[46] detects 0 faults (19085)
vector[45] detects 1 faults (19086)
vector[44] detects 0 faults (19086)
vector[43] detects 0 faults (19086)
vector[42] detects 0 faults (19086)
vector[41] detects 0 faults (19086)
vector[40] detects 0 faults (19086)
vector[39] detects 1 faults (19087)
vector[38] detects 0 faults (19087)
vector[37] detects 0 faults (19087)
vector[36] detects 0 faults (19087)
vector[35] detects 0 faults (19087)
vector[34] detects 0 faults (19087)
vector[33] detects 0 faults (19087)
vector[32] detects 0 faults (19087)
vector[31] detects 0 faults (19087)
vector[30] detects 0 faults (19087)
vector[29] detects 0 faults (19087)
vector[28] detects 1 faults (19088)
vector[27] detects 0 faults (19088)
vector[26] detects 0 faults (19088)
vector[25] detects 0 faults (19088)
vector[24] detects 0 faults (19088)
vector[23] detects 0 faults (19088)
vector[22] detects 0 faults (19088)
vector[21] detects 0 faults (19088)
vector[20] detects 2 faults (19090)
vector[19] detects 0 faults (19090)
vector[18] detects 0 faults (19090)
vector[17] detects 0 faults (19090)
vector[16] detects 3 faults (19093)
vector[15] detects 0 faults (19093)
vector[14] detects 0 faults (19093)
vector[13] detects 0 faults (19093)
vector[12] detects 0 faults (19093)
vector[11] detects 0 faults (19093)
vector[10] detects 2 faults (19095)
vector[9] detects 0 faults (19095)
vector[8] detects 2 faults (19097)
vector[7] detects 0 faults (19097)
vector[6] detects 0 faults (19097)
vector[5] detects 0 faults (19097)
vector[4] detects 0 faults (19097)
vector[3] detects 0 faults (19097)
vector[2] detects 0 faults (19097)
vector[1] detects 1 faults (19098)
vector[0] detects 0 faults (19098)

# Result:
-----------------------
# total transition delay faults: 19456
# total detected faults: 19098
# fault coverage: 98.159951 %

#FAULT COVERAGE RESULTS :
#number of test vectors = 569
#total number of gate faults (uncollapsed) = 19456
#total number of detected faults = 19098
#total gate fault coverage = 98.16%
#number of equivalent gate faults (collapsed) = 16334
#number of equivalent detected faults = 16060
#equivalent gate fault coverage = 98.32%

#atpg: cputime for test pattern generation ../sample_circuits/c7552.ckt: 0.6s 0.7s
